<?xml version="1.0" encoding="UTF-8"?>
<testsuite xmlns:xsi="http://www.w3.org/2001/XMLSchema-instance" xsi:noNamespaceSchemaLocation="https://maven.apache.org/surefire/maven-surefire-plugin/xsd/surefire-test-report-3.0.xsd" version="3.0" name="com.finance.admin.client.controller.ClientMembershipControllerTest" time="0.377" tests="26" errors="0" skipped="0" failures="0">
  <properties>
    <property name="java.specification.version" value="17"/>
    <property name="sun.jnu.encoding" value="UTF-8"/>
    <property name="java.class.path" value="/Users/hongyuanfan/Desktop/lifetech/LifeTechBackend/Backend/target/test-classes:/Users/hongyuanfan/Desktop/lifetech/LifeTechBackend/Backend/target/classes:/Users/hongyuanfan/.m2/repository/org/springframework/boot/spring-boot-starter-web/3.2.3/spring-boot-starter-web-3.2.3.jar:/Users/hongyuanfan/.m2/repository/org/springframework/boot/spring-boot-starter/3.2.3/spring-boot-starter-3.2.3.jar:/Users/hongyuanfan/.m2/repository/org/springframework/boot/spring-boot/3.2.3/spring-boot-3.2.3.jar:/Users/hongyuanfan/.m2/repository/org/springframework/boot/spring-boot-autoconfigure/3.2.3/spring-boot-autoconfigure-3.2.3.jar:/Users/hongyuanfan/.m2/repository/org/springframework/boot/spring-boot-starter-logging/3.2.3/spring-boot-starter-logging-3.2.3.jar:/Users/hongyuanfan/.m2/repository/ch/qos/logback/logback-classic/1.4.14/logback-classic-1.4.14.jar:/Users/hongyuanfan/.m2/repository/ch/qos/logback/logback-core/1.4.14/logback-core-1.4.14.jar:/Users/hongyuanfan/.m2/repository/org/apache/logging/log4j/log4j-to-slf4j/2.21.1/log4j-to-slf4j-2.21.1.jar:/Users/hongyuanfan/.m2/repository/org/apache/logging/log4j/log4j-api/2.21.1/log4j-api-2.21.1.jar:/Users/hongyuanfan/.m2/repository/org/slf4j/jul-to-slf4j/2.0.12/jul-to-slf4j-2.0.12.jar:/Users/hongyuanfan/.m2/repository/jakarta/annotation/jakarta.annotation-api/2.1.1/jakarta.annotation-api-2.1.1.jar:/Users/hongyuanfan/.m2/repository/org/yaml/snakeyaml/2.2/snakeyaml-2.2.jar:/Users/hongyuanfan/.m2/repository/org/springframework/boot/spring-boot-starter-json/3.2.3/spring-boot-starter-json-3.2.3.jar:/Users/hongyuanfan/.m2/repository/com/fasterxml/jackson/datatype/jackson-datatype-jdk8/2.15.4/jackson-datatype-jdk8-2.15.4.jar:/Users/hongyuanfan/.m2/repository/com/fasterxml/jackson/module/jackson-module-parameter-names/2.15.4/jackson-module-parameter-names-2.15.4.jar:/Users/hongyuanfan/.m2/repository/org/springframework/boot/spring-boot-starter-tomcat/3.2.3/spring-boot-starter-tomcat-3.2.3.jar:/Users/hongyuanfan/.m2/repository/org/apache/tomcat/embed/tomcat-embed-core/10.1.19/tomcat-embed-core-10.1.19.jar:/Users/hongyuanfan/.m2/repository/org/apache/tomcat/embed/tomcat-embed-websocket/10.1.19/tomcat-embed-websocket-10.1.19.jar:/Users/hongyuanfan/.m2/repository/org/springframework/spring-web/6.1.4/spring-web-6.1.4.jar:/Users/hongyuanfan/.m2/repository/org/springframework/spring-beans/6.1.4/spring-beans-6.1.4.jar:/Users/hongyuanfan/.m2/repository/org/springframework/spring-webmvc/6.1.4/spring-webmvc-6.1.4.jar:/Users/hongyuanfan/.m2/repository/org/springframework/spring-context/6.1.4/spring-context-6.1.4.jar:/Users/hongyuanfan/.m2/repository/org/springframework/spring-expression/6.1.4/spring-expression-6.1.4.jar:/Users/hongyuanfan/.m2/repository/org/springframework/boot/spring-boot-starter-security/3.2.3/spring-boot-starter-security-3.2.3.jar:/Users/hongyuanfan/.m2/repository/org/springframework/spring-aop/6.1.4/spring-aop-6.1.4.jar:/Users/hongyuanfan/.m2/repository/org/springframework/security/spring-security-config/6.2.2/spring-security-config-6.2.2.jar:/Users/hongyuanfan/.m2/repository/org/springframework/security/spring-security-web/6.2.2/spring-security-web-6.2.2.jar:/Users/hongyuanfan/.m2/repository/org/springframework/boot/spring-boot-starter-data-jpa/3.2.3/spring-boot-starter-data-jpa-3.2.3.jar:/Users/hongyuanfan/.m2/repository/org/springframework/boot/spring-boot-starter-jdbc/3.2.3/spring-boot-starter-jdbc-3.2.3.jar:/Users/hongyuanfan/.m2/repository/com/zaxxer/HikariCP/5.0.1/HikariCP-5.0.1.jar:/Users/hongyuanfan/.m2/repository/org/springframework/spring-jdbc/6.1.4/spring-jdbc-6.1.4.jar:/Users/hongyuanfan/.m2/repository/org/hibernate/orm/hibernate-core/6.4.4.Final/hibernate-core-6.4.4.Final.jar:/Users/hongyuanfan/.m2/repository/jakarta/persistence/jakarta.persistence-api/3.1.0/jakarta.persistence-api-3.1.0.jar:/Users/hongyuanfan/.m2/repository/jakarta/transaction/jakarta.transaction-api/2.0.1/jakarta.transaction-api-2.0.1.jar:/Users/hongyuanfan/.m2/repository/org/jboss/logging/jboss-logging/3.5.3.Final/jboss-logging-3.5.3.Final.jar:/Users/hongyuanfan/.m2/repository/org/hibernate/common/hibernate-commons-annotations/6.0.6.Final/hibernate-commons-annotations-6.0.6.Final.jar:/Users/hongyuanfan/.m2/repository/io/smallrye/jandex/3.1.2/jandex-3.1.2.jar:/Users/hongyuanfan/.m2/repository/com/fasterxml/classmate/1.6.0/classmate-1.6.0.jar:/Users/hongyuanfan/.m2/repository/net/bytebuddy/byte-buddy/1.14.12/byte-buddy-1.14.12.jar:/Users/hongyuanfan/.m2/repository/org/glassfish/jaxb/jaxb-runtime/4.0.4/jaxb-runtime-4.0.4.jar:/Users/hongyuanfan/.m2/repository/org/glassfish/jaxb/jaxb-core/4.0.4/jaxb-core-4.0.4.jar:/Users/hongyuanfan/.m2/repository/org/glassfish/jaxb/txw2/4.0.4/txw2-4.0.4.jar:/Users/hongyuanfan/.m2/repository/com/sun/istack/istack-commons-runtime/4.1.2/istack-commons-runtime-4.1.2.jar:/Users/hongyuanfan/.m2/repository/jakarta/inject/jakarta.inject-api/2.0.1/jakarta.inject-api-2.0.1.jar:/Users/hongyuanfan/.m2/repository/org/antlr/antlr4-runtime/4.13.0/antlr4-runtime-4.13.0.jar:/Users/hongyuanfan/.m2/repository/org/springframework/data/spring-data-jpa/3.2.3/spring-data-jpa-3.2.3.jar:/Users/hongyuanfan/.m2/repository/org/springframework/data/spring-data-commons/3.2.3/spring-data-commons-3.2.3.jar:/Users/hongyuanfan/.m2/repository/org/springframework/spring-orm/6.1.4/spring-orm-6.1.4.jar:/Users/hongyuanfan/.m2/repository/org/springframework/spring-aspects/6.1.4/spring-aspects-6.1.4.jar:/Users/hongyuanfan/.m2/repository/org/springframework/boot/spring-boot-starter-data-redis/3.2.3/spring-boot-starter-data-redis-3.2.3.jar:/Users/hongyuanfan/.m2/repository/io/lettuce/lettuce-core/6.3.1.RELEASE/lettuce-core-6.3.1.RELEASE.jar:/Users/hongyuanfan/.m2/repository/io/netty/netty-common/4.1.107.Final/netty-common-4.1.107.Final.jar:/Users/hongyuanfan/.m2/repository/io/netty/netty-handler/4.1.107.Final/netty-handler-4.1.107.Final.jar:/Users/hongyuanfan/.m2/repository/io/netty/netty-transport-native-unix-common/4.1.107.Final/netty-transport-native-unix-common-4.1.107.Final.jar:/Users/hongyuanfan/.m2/repository/io/netty/netty-transport/4.1.107.Final/netty-transport-4.1.107.Final.jar:/Users/hongyuanfan/.m2/repository/io/projectreactor/reactor-core/3.6.3/reactor-core-3.6.3.jar:/Users/hongyuanfan/.m2/repository/org/springframework/data/spring-data-redis/3.2.3/spring-data-redis-3.2.3.jar:/Users/hongyuanfan/.m2/repository/org/springframework/data/spring-data-keyvalue/3.2.3/spring-data-keyvalue-3.2.3.jar:/Users/hongyuanfan/.m2/repository/org/springframework/spring-oxm/6.1.4/spring-oxm-6.1.4.jar:/Users/hongyuanfan/.m2/repository/org/springframework/boot/spring-boot-starter-data-mongodb/3.2.3/spring-boot-starter-data-mongodb-3.2.3.jar:/Users/hongyuanfan/.m2/repository/org/mongodb/mongodb-driver-sync/4.11.1/mongodb-driver-sync-4.11.1.jar:/Users/hongyuanfan/.m2/repository/org/mongodb/bson/4.11.1/bson-4.11.1.jar:/Users/hongyuanfan/.m2/repository/org/mongodb/mongodb-driver-core/4.11.1/mongodb-driver-core-4.11.1.jar:/Users/hongyuanfan/.m2/repository/org/mongodb/bson-record-codec/4.11.1/bson-record-codec-4.11.1.jar:/Users/hongyuanfan/.m2/repository/org/springframework/data/spring-data-mongodb/4.2.3/spring-data-mongodb-4.2.3.jar:/Users/hongyuanfan/.m2/repository/org/springframework/boot/spring-boot-starter-validation/3.2.3/spring-boot-starter-validation-3.2.3.jar:/Users/hongyuanfan/.m2/repository/org/apache/tomcat/embed/tomcat-embed-el/10.1.19/tomcat-embed-el-10.1.19.jar:/Users/hongyuanfan/.m2/repository/org/hibernate/validator/hibernate-validator/8.0.1.Final/hibernate-validator-8.0.1.Final.jar:/Users/hongyuanfan/.m2/repository/jakarta/validation/jakarta.validation-api/3.0.2/jakarta.validation-api-3.0.2.jar:/Users/hongyuanfan/.m2/repository/org/springframework/boot/spring-boot-starter-mail/3.2.3/spring-boot-starter-mail-3.2.3.jar:/Users/hongyuanfan/.m2/repository/org/springframework/spring-context-support/6.1.4/spring-context-support-6.1.4.jar:/Users/hongyuanfan/.m2/repository/org/eclipse/angus/jakarta.mail/2.0.2/jakarta.mail-2.0.2.jar:/Users/hongyuanfan/.m2/repository/jakarta/activation/jakarta.activation-api/2.1.2/jakarta.activation-api-2.1.2.jar:/Users/hongyuanfan/.m2/repository/org/eclipse/angus/angus-activation/2.0.1/angus-activation-2.0.1.jar:/Users/hongyuanfan/.m2/repository/org/springframework/boot/spring-boot-starter-amqp/3.2.3/spring-boot-starter-amqp-3.2.3.jar:/Users/hongyuanfan/.m2/repository/org/springframework/spring-messaging/6.1.4/spring-messaging-6.1.4.jar:/Users/hongyuanfan/.m2/repository/org/springframework/amqp/spring-rabbit/3.1.2/spring-rabbit-3.1.2.jar:/Users/hongyuanfan/.m2/repository/org/springframework/amqp/spring-amqp/3.1.2/spring-amqp-3.1.2.jar:/Users/hongyuanfan/.m2/repository/org/springframework/retry/spring-retry/2.0.5/spring-retry-2.0.5.jar:/Users/hongyuanfan/.m2/repository/com/rabbitmq/amqp-client/5.19.0/amqp-client-5.19.0.jar:/Users/hongyuanfan/.m2/repository/org/springframework/boot/spring-boot-starter-actuator/3.2.3/spring-boot-starter-actuator-3.2.3.jar:/Users/hongyuanfan/.m2/repository/org/springframework/boot/spring-boot-actuator-autoconfigure/3.2.3/spring-boot-actuator-autoconfigure-3.2.3.jar:/Users/hongyuanfan/.m2/repository/org/springframework/boot/spring-boot-actuator/3.2.3/spring-boot-actuator-3.2.3.jar:/Users/hongyuanfan/.m2/repository/io/micrometer/micrometer-observation/1.12.3/micrometer-observation-1.12.3.jar:/Users/hongyuanfan/.m2/repository/io/micrometer/micrometer-commons/1.12.3/micrometer-commons-1.12.3.jar:/Users/hongyuanfan/.m2/repository/io/micrometer/micrometer-jakarta9/1.12.3/micrometer-jakarta9-1.12.3.jar:/Users/hongyuanfan/.m2/repository/io/micrometer/micrometer-core/1.12.3/micrometer-core-1.12.3.jar:/Users/hongyuanfan/.m2/repository/org/hdrhistogram/HdrHistogram/2.1.12/HdrHistogram-2.1.12.jar:/Users/hongyuanfan/.m2/repository/org/latencyutils/LatencyUtils/2.0.3/LatencyUtils-2.0.3.jar:/Users/hongyuanfan/.m2/repository/org/springframework/boot/spring-boot-starter-aop/3.2.3/spring-boot-starter-aop-3.2.3.jar:/Users/hongyuanfan/.m2/repository/org/aspectj/aspectjweaver/1.9.21/aspectjweaver-1.9.21.jar:/Users/hongyuanfan/.m2/repository/org/springframework/statemachine/spring-statemachine-starter/4.0.0/spring-statemachine-starter-4.0.0.jar:/Users/hongyuanfan/.m2/repository/org/springframework/statemachine/spring-statemachine-autoconfigure/4.0.0/spring-statemachine-autoconfigure-4.0.0.jar:/Users/hongyuanfan/.m2/repository/org/springframework/statemachine/spring-statemachine-core/4.0.0/spring-statemachine-core-4.0.0.jar:/Users/hongyuanfan/.m2/repository/org/springframework/boot/spring-boot-starter-batch/3.2.3/spring-boot-starter-batch-3.2.3.jar:/Users/hongyuanfan/.m2/repository/org/springframework/batch/spring-batch-core/5.1.1/spring-batch-core-5.1.1.jar:/Users/hongyuanfan/.m2/repository/org/springframework/batch/spring-batch-infrastructure/5.1.1/spring-batch-infrastructure-5.1.1.jar:/Users/hongyuanfan/.m2/repository/org/postgresql/postgresql/42.6.1/postgresql-42.6.1.jar:/Users/hongyuanfan/.m2/repository/org/checkerframework/checker-qual/3.31.0/checker-qual-3.31.0.jar:/Users/hongyuanfan/.m2/repository/com/h2database/h2/2.2.224/h2-2.2.224.jar:/Users/hongyuanfan/.m2/repository/io/jsonwebtoken/jjwt-api/0.11.5/jjwt-api-0.11.5.jar:/Users/hongyuanfan/.m2/repository/io/jsonwebtoken/jjwt-impl/0.11.5/jjwt-impl-0.11.5.jar:/Users/hongyuanfan/.m2/repository/io/jsonwebtoken/jjwt-jackson/0.11.5/jjwt-jackson-0.11.5.jar:/Users/hongyuanfan/.m2/repository/com/fasterxml/jackson/core/jackson-databind/2.15.4/jackson-databind-2.15.4.jar:/Users/hongyuanfan/.m2/repository/org/springdoc/springdoc-openapi-starter-webmvc-ui/2.2.0/springdoc-openapi-starter-webmvc-ui-2.2.0.jar:/Users/hongyuanfan/.m2/repository/org/springdoc/springdoc-openapi-starter-webmvc-api/2.2.0/springdoc-openapi-starter-webmvc-api-2.2.0.jar:/Users/hongyuanfan/.m2/repository/org/springdoc/springdoc-openapi-starter-common/2.2.0/springdoc-openapi-starter-common-2.2.0.jar:/Users/hongyuanfan/.m2/repository/io/swagger/core/v3/swagger-core-jakarta/2.2.15/swagger-core-jakarta-2.2.15.jar:/Users/hongyuanfan/.m2/repository/io/swagger/core/v3/swagger-annotations-jakarta/2.2.15/swagger-annotations-jakarta-2.2.15.jar:/Users/hongyuanfan/.m2/repository/io/swagger/core/v3/swagger-models-jakarta/2.2.15/swagger-models-jakarta-2.2.15.jar:/Users/hongyuanfan/.m2/repository/com/fasterxml/jackson/dataformat/jackson-dataformat-yaml/2.15.4/jackson-dataformat-yaml-2.15.4.jar:/Users/hongyuanfan/.m2/repository/org/webjars/swagger-ui/5.2.0/swagger-ui-5.2.0.jar:/Users/hongyuanfan/.m2/repository/com/github/vladimir-bukhtoyarov/bucket4j-core/7.6.0/bucket4j-core-7.6.0.jar:/Users/hongyuanfan/.m2/repository/org/springframework/boot/spring-boot-starter-test/3.2.3/spring-boot-starter-test-3.2.3.jar:/Users/hongyuanfan/.m2/repository/org/springframework/boot/spring-boot-test/3.2.3/spring-boot-test-3.2.3.jar:/Users/hongyuanfan/.m2/repository/org/springframework/boot/spring-boot-test-autoconfigure/3.2.3/spring-boot-test-autoconfigure-3.2.3.jar:/Users/hongyuanfan/.m2/repository/com/jayway/jsonpath/json-path/2.9.0/json-path-2.9.0.jar:/Users/hongyuanfan/.m2/repository/jakarta/xml/bind/jakarta.xml.bind-api/4.0.1/jakarta.xml.bind-api-4.0.1.jar:/Users/hongyuanfan/.m2/repository/net/minidev/json-smart/2.5.0/json-smart-2.5.0.jar:/Users/hongyuanfan/.m2/repository/net/minidev/accessors-smart/2.5.0/accessors-smart-2.5.0.jar:/Users/hongyuanfan/.m2/repository/org/ow2/asm/asm/9.3/asm-9.3.jar:/Users/hongyuanfan/.m2/repository/org/assertj/assertj-core/3.24.2/assertj-core-3.24.2.jar:/Users/hongyuanfan/.m2/repository/org/awaitility/awaitility/4.2.0/awaitility-4.2.0.jar:/Users/hongyuanfan/.m2/repository/org/hamcrest/hamcrest/2.2/hamcrest-2.2.jar:/Users/hongyuanfan/.m2/repository/org/junit/jupiter/junit-jupiter/5.10.2/junit-jupiter-5.10.2.jar:/Users/hongyuanfan/.m2/repository/org/junit/jupiter/junit-jupiter-api/5.10.2/junit-jupiter-api-5.10.2.jar:/Users/hongyuanfan/.m2/repository/org/opentest4j/opentest4j/1.3.0/opentest4j-1.3.0.jar:/Users/hongyuanfan/.m2/repository/org/junit/platform/junit-platform-commons/1.10.2/junit-platform-commons-1.10.2.jar:/Users/hongyuanfan/.m2/repository/org/apiguardian/apiguardian-api/1.1.2/apiguardian-api-1.1.2.jar:/Users/hongyuanfan/.m2/repository/org/junit/jupiter/junit-jupiter-params/5.10.2/junit-jupiter-params-5.10.2.jar:/Users/hongyuanfan/.m2/repository/org/junit/jupiter/junit-jupiter-engine/5.10.2/junit-jupiter-engine-5.10.2.jar:/Users/hongyuanfan/.m2/repository/org/junit/platform/junit-platform-engine/1.10.2/junit-platform-engine-1.10.2.jar:/Users/hongyuanfan/.m2/repository/org/mockito/mockito-core/5.7.0/mockito-core-5.7.0.jar:/Users/hongyuanfan/.m2/repository/net/bytebuddy/byte-buddy-agent/1.14.12/byte-buddy-agent-1.14.12.jar:/Users/hongyuanfan/.m2/repository/org/objenesis/objenesis/3.3/objenesis-3.3.jar:/Users/hongyuanfan/.m2/repository/org/mockito/mockito-junit-jupiter/5.7.0/mockito-junit-jupiter-5.7.0.jar:/Users/hongyuanfan/.m2/repository/org/skyscreamer/jsonassert/1.5.1/jsonassert-1.5.1.jar:/Users/hongyuanfan/.m2/repository/com/vaadin/external/google/android-json/0.0.20131108.vaadin1/android-json-0.0.20131108.vaadin1.jar:/Users/hongyuanfan/.m2/repository/org/springframework/spring-core/6.1.4/spring-core-6.1.4.jar:/Users/hongyuanfan/.m2/repository/org/springframework/spring-jcl/6.1.4/spring-jcl-6.1.4.jar:/Users/hongyuanfan/.m2/repository/org/springframework/spring-test/6.1.4/spring-test-6.1.4.jar:/Users/hongyuanfan/.m2/repository/org/xmlunit/xmlunit-core/2.9.1/xmlunit-core-2.9.1.jar:/Users/hongyuanfan/.m2/repository/org/springframework/security/spring-security-test/6.2.2/spring-security-test-6.2.2.jar:/Users/hongyuanfan/.m2/repository/org/springframework/security/spring-security-core/6.2.2/spring-security-core-6.2.2.jar:/Users/hongyuanfan/.m2/repository/org/springframework/security/spring-security-crypto/6.2.2/spring-security-crypto-6.2.2.jar:/Users/hongyuanfan/.m2/repository/org/springframework/amqp/spring-rabbit-test/3.1.2/spring-rabbit-test-3.1.2.jar:/Users/hongyuanfan/.m2/repository/org/springframework/amqp/spring-rabbit-junit/3.1.2/spring-rabbit-junit-3.1.2.jar:/Users/hongyuanfan/.m2/repository/org/hamcrest/hamcrest-library/2.2/hamcrest-library-2.2.jar:/Users/hongyuanfan/.m2/repository/org/hamcrest/hamcrest-core/2.2/hamcrest-core-2.2.jar:/Users/hongyuanfan/.m2/repository/org/testcontainers/junit-jupiter/1.19.3/junit-jupiter-1.19.3.jar:/Users/hongyuanfan/.m2/repository/org/testcontainers/testcontainers/1.19.3/testcontainers-1.19.3.jar:/Users/hongyuanfan/.m2/repository/junit/junit/4.13.2/junit-4.13.2.jar:/Users/hongyuanfan/.m2/repository/org/apache/commons/commons-compress/1.24.0/commons-compress-1.24.0.jar:/Users/hongyuanfan/.m2/repository/org/rnorth/duct-tape/duct-tape/1.0.8/duct-tape-1.0.8.jar:/Users/hongyuanfan/.m2/repository/org/jetbrains/annotations/17.0.0/annotations-17.0.0.jar:/Users/hongyuanfan/.m2/repository/com/github/docker-java/docker-java-api/3.3.4/docker-java-api-3.3.4.jar:/Users/hongyuanfan/.m2/repository/com/github/docker-java/docker-java-transport-zerodep/3.3.4/docker-java-transport-zerodep-3.3.4.jar:/Users/hongyuanfan/.m2/repository/com/github/docker-java/docker-java-transport/3.3.4/docker-java-transport-3.3.4.jar:/Users/hongyuanfan/.m2/repository/net/java/dev/jna/jna/5.13.0/jna-5.13.0.jar:/Users/hongyuanfan/.m2/repository/org/testcontainers/postgresql/1.19.3/postgresql-1.19.3.jar:/Users/hongyuanfan/.m2/repository/org/testcontainers/jdbc/1.19.3/jdbc-1.19.3.jar:/Users/hongyuanfan/.m2/repository/org/testcontainers/database-commons/1.19.3/database-commons-1.19.3.jar:/Users/hongyuanfan/.m2/repository/org/testcontainers/mongodb/1.19.3/mongodb-1.19.3.jar:/Users/hongyuanfan/.m2/repository/org/testcontainers/rabbitmq/1.19.3/rabbitmq-1.19.3.jar:/Users/hongyuanfan/.m2/repository/com/itextpdf/kernel/7.2.5/kernel-7.2.5.jar:/Users/hongyuanfan/.m2/repository/com/itextpdf/io/7.2.5/io-7.2.5.jar:/Users/hongyuanfan/.m2/repository/com/itextpdf/commons/7.2.5/commons-7.2.5.jar:/Users/hongyuanfan/.m2/repository/org/bouncycastle/bcprov-jdk15on/1.70/bcprov-jdk15on-1.70.jar:/Users/hongyuanfan/.m2/repository/org/slf4j/slf4j-api/2.0.12/slf4j-api-2.0.12.jar:/Users/hongyuanfan/.m2/repository/com/itextpdf/layout/7.2.5/layout-7.2.5.jar:/Users/hongyuanfan/.m2/repository/software/amazon/awssdk/s3/2.21.29/s3-2.21.29.jar:/Users/hongyuanfan/.m2/repository/software/amazon/awssdk/aws-xml-protocol/2.21.29/aws-xml-protocol-2.21.29.jar:/Users/hongyuanfan/.m2/repository/software/amazon/awssdk/aws-query-protocol/2.21.29/aws-query-protocol-2.21.29.jar:/Users/hongyuanfan/.m2/repository/software/amazon/awssdk/protocol-core/2.21.29/protocol-core-2.21.29.jar:/Users/hongyuanfan/.m2/repository/software/amazon/awssdk/arns/2.21.29/arns-2.21.29.jar:/Users/hongyuanfan/.m2/repository/software/amazon/awssdk/profiles/2.21.29/profiles-2.21.29.jar:/Users/hongyuanfan/.m2/repository/software/amazon/awssdk/crt-core/2.21.29/crt-core-2.21.29.jar:/Users/hongyuanfan/.m2/repository/software/amazon/awssdk/http-auth/2.21.29/http-auth-2.21.29.jar:/Users/hongyuanfan/.m2/repository/software/amazon/awssdk/identity-spi/2.21.29/identity-spi-2.21.29.jar:/Users/hongyuanfan/.m2/repository/software/amazon/awssdk/http-auth-spi/2.21.29/http-auth-spi-2.21.29.jar:/Users/hongyuanfan/.m2/repository/org/reactivestreams/reactive-streams/1.0.4/reactive-streams-1.0.4.jar:/Users/hongyuanfan/.m2/repository/software/amazon/awssdk/http-auth-aws/2.21.29/http-auth-aws-2.21.29.jar:/Users/hongyuanfan/.m2/repository/software/amazon/awssdk/checksums-spi/2.21.29/checksums-spi-2.21.29.jar:/Users/hongyuanfan/.m2/repository/software/amazon/awssdk/checksums/2.21.29/checksums-2.21.29.jar:/Users/hongyuanfan/.m2/repository/software/amazon/awssdk/sdk-core/2.21.29/sdk-core-2.21.29.jar:/Users/hongyuanfan/.m2/repository/software/amazon/awssdk/auth/2.21.29/auth-2.21.29.jar:/Users/hongyuanfan/.m2/repository/software/amazon/eventstream/eventstream/1.0.1/eventstream-1.0.1.jar:/Users/hongyuanfan/.m2/repository/software/amazon/awssdk/http-client-spi/2.21.29/http-client-spi-2.21.29.jar:/Users/hongyuanfan/.m2/repository/software/amazon/awssdk/regions/2.21.29/regions-2.21.29.jar:/Users/hongyuanfan/.m2/repository/software/amazon/awssdk/annotations/2.21.29/annotations-2.21.29.jar:/Users/hongyuanfan/.m2/repository/software/amazon/awssdk/utils/2.21.29/utils-2.21.29.jar:/Users/hongyuanfan/.m2/repository/software/amazon/awssdk/aws-core/2.21.29/aws-core-2.21.29.jar:/Users/hongyuanfan/.m2/repository/software/amazon/awssdk/metrics-spi/2.21.29/metrics-spi-2.21.29.jar:/Users/hongyuanfan/.m2/repository/software/amazon/awssdk/json-utils/2.21.29/json-utils-2.21.29.jar:/Users/hongyuanfan/.m2/repository/software/amazon/awssdk/third-party-jackson-core/2.21.29/third-party-jackson-core-2.21.29.jar:/Users/hongyuanfan/.m2/repository/software/amazon/awssdk/endpoints-spi/2.21.29/endpoints-spi-2.21.29.jar:/Users/hongyuanfan/.m2/repository/software/amazon/awssdk/apache-client/2.21.29/apache-client-2.21.29.jar:/Users/hongyuanfan/.m2/repository/org/apache/httpcomponents/httpclient/4.5.13/httpclient-4.5.13.jar:/Users/hongyuanfan/.m2/repository/commons-logging/commons-logging/1.2/commons-logging-1.2.jar:/Users/hongyuanfan/.m2/repository/org/apache/httpcomponents/httpcore/4.4.16/httpcore-4.4.16.jar:/Users/hongyuanfan/.m2/repository/commons-codec/commons-codec/1.16.1/commons-codec-1.16.1.jar:/Users/hongyuanfan/.m2/repository/software/amazon/awssdk/netty-nio-client/2.21.29/netty-nio-client-2.21.29.jar:/Users/hongyuanfan/.m2/repository/io/netty/netty-codec-http/4.1.107.Final/netty-codec-http-4.1.107.Final.jar:/Users/hongyuanfan/.m2/repository/io/netty/netty-codec-http2/4.1.107.Final/netty-codec-http2-4.1.107.Final.jar:/Users/hongyuanfan/.m2/repository/io/netty/netty-codec/4.1.107.Final/netty-codec-4.1.107.Final.jar:/Users/hongyuanfan/.m2/repository/io/netty/netty-buffer/4.1.107.Final/netty-buffer-4.1.107.Final.jar:/Users/hongyuanfan/.m2/repository/io/netty/netty-transport-classes-epoll/4.1.107.Final/netty-transport-classes-epoll-4.1.107.Final.jar:/Users/hongyuanfan/.m2/repository/io/netty/netty-resolver/4.1.107.Final/netty-resolver-4.1.107.Final.jar:/Users/hongyuanfan/.m2/repository/org/bouncycastle/bcpkix-jdk15on/1.70/bcpkix-jdk15on-1.70.jar:/Users/hongyuanfan/.m2/repository/org/bouncycastle/bcutil-jdk15on/1.70/bcutil-jdk15on-1.70.jar:/Users/hongyuanfan/.m2/repository/org/springframework/boot/spring-boot-starter-quartz/3.2.3/spring-boot-starter-quartz-3.2.3.jar:/Users/hongyuanfan/.m2/repository/org/springframework/spring-tx/6.1.4/spring-tx-6.1.4.jar:/Users/hongyuanfan/.m2/repository/org/quartz-scheduler/quartz/2.3.2/quartz-2.3.2.jar:/Users/hongyuanfan/.m2/repository/com/mchange/mchange-commons-java/0.2.15/mchange-commons-java-0.2.15.jar:/Users/hongyuanfan/.m2/repository/org/apache/commons/commons-lang3/3.13.0/commons-lang3-3.13.0.jar:/Users/hongyuanfan/.m2/repository/com/fasterxml/jackson/datatype/jackson-datatype-jsr310/2.15.4/jackson-datatype-jsr310-2.15.4.jar:/Users/hongyuanfan/.m2/repository/com/fasterxml/jackson/core/jackson-annotations/2.15.4/jackson-annotations-2.15.4.jar:/Users/hongyuanfan/.m2/repository/com/fasterxml/jackson/core/jackson-core/2.15.4/jackson-core-2.15.4.jar:/Users/hongyuanfan/.m2/repository/org/mapstruct/mapstruct/1.5.5.Final/mapstruct-1.5.5.Final.jar:/Users/hongyuanfan/.m2/repository/org/mapstruct/mapstruct-processor/1.5.5.Final/mapstruct-processor-1.5.5.Final.jar:/Users/hongyuanfan/.m2/repository/org/projectlombok/lombok/1.18.30/lombok-1.18.30.jar:/Users/hongyuanfan/.m2/repository/com/google/zxing/core/3.5.2/core-3.5.2.jar:/Users/hongyuanfan/.m2/repository/com/google/zxing/javase/3.5.2/javase-3.5.2.jar:/Users/hongyuanfan/.m2/repository/com/beust/jcommander/1.82/jcommander-1.82.jar:/Users/hongyuanfan/.m2/repository/com/github/jai-imageio/jai-imageio-core/1.4.0/jai-imageio-core-1.4.0.jar:"/>
    <property name="java.vm.vendor" value="Eclipse Adoptium"/>
    <property name="sun.arch.data.model" value="64"/>
    <property name="java.vendor.url" value="https://adoptium.net/"/>
    <property name="catalina.useNaming" value="false"/>
    <property name="user.timezone" value="Australia/Sydney"/>
    <property name="org.jboss.logging.provider" value="slf4j"/>
    <property name="os.name" value="Mac OS X"/>
    <property name="java.vm.specification.version" value="17"/>
    <property name="sun.java.launcher" value="SUN_STANDARD"/>
    <property name="user.country" value="AU"/>
    <property name="sun.boot.library.path" value="/Library/Java/JavaVirtualMachines/temurin-17.jdk/Contents/Home/lib"/>
    <property name="sun.java.command" value="/Users/hongyuanfan/Desktop/lifetech/LifeTechBackend/Backend/target/surefire/surefirebooter-20250617135629134_3.jar /Users/hongyuanfan/Desktop/lifetech/LifeTechBackend/Backend/target/surefire 2025-06-17T13-56-29_096-jvmRun1 surefire-20250617135629134_1tmp surefire_0-20250617135629134_2tmp"/>
    <property name="http.nonProxyHosts" value="local|*.local|169.254/16|*.169.254/16"/>
    <property name="jdk.debug" value="release"/>
    <property name="surefire.test.class.path" value="/Users/hongyuanfan/Desktop/lifetech/LifeTechBackend/Backend/target/test-classes:/Users/hongyuanfan/Desktop/lifetech/LifeTechBackend/Backend/target/classes:/Users/hongyuanfan/.m2/repository/org/springframework/boot/spring-boot-starter-web/3.2.3/spring-boot-starter-web-3.2.3.jar:/Users/hongyuanfan/.m2/repository/org/springframework/boot/spring-boot-starter/3.2.3/spring-boot-starter-3.2.3.jar:/Users/hongyuanfan/.m2/repository/org/springframework/boot/spring-boot/3.2.3/spring-boot-3.2.3.jar:/Users/hongyuanfan/.m2/repository/org/springframework/boot/spring-boot-autoconfigure/3.2.3/spring-boot-autoconfigure-3.2.3.jar:/Users/hongyuanfan/.m2/repository/org/springframework/boot/spring-boot-starter-logging/3.2.3/spring-boot-starter-logging-3.2.3.jar:/Users/hongyuanfan/.m2/repository/ch/qos/logback/logback-classic/1.4.14/logback-classic-1.4.14.jar:/Users/hongyuanfan/.m2/repository/ch/qos/logback/logback-core/1.4.14/logback-core-1.4.14.jar:/Users/hongyuanfan/.m2/repository/org/apache/logging/log4j/log4j-to-slf4j/2.21.1/log4j-to-slf4j-2.21.1.jar:/Users/hongyuanfan/.m2/repository/org/apache/logging/log4j/log4j-api/2.21.1/log4j-api-2.21.1.jar:/Users/hongyuanfan/.m2/repository/org/slf4j/jul-to-slf4j/2.0.12/jul-to-slf4j-2.0.12.jar:/Users/hongyuanfan/.m2/repository/jakarta/annotation/jakarta.annotation-api/2.1.1/jakarta.annotation-api-2.1.1.jar:/Users/hongyuanfan/.m2/repository/org/yaml/snakeyaml/2.2/snakeyaml-2.2.jar:/Users/hongyuanfan/.m2/repository/org/springframework/boot/spring-boot-starter-json/3.2.3/spring-boot-starter-json-3.2.3.jar:/Users/hongyuanfan/.m2/repository/com/fasterxml/jackson/datatype/jackson-datatype-jdk8/2.15.4/jackson-datatype-jdk8-2.15.4.jar:/Users/hongyuanfan/.m2/repository/com/fasterxml/jackson/module/jackson-module-parameter-names/2.15.4/jackson-module-parameter-names-2.15.4.jar:/Users/hongyuanfan/.m2/repository/org/springframework/boot/spring-boot-starter-tomcat/3.2.3/spring-boot-starter-tomcat-3.2.3.jar:/Users/hongyuanfan/.m2/repository/org/apache/tomcat/embed/tomcat-embed-core/10.1.19/tomcat-embed-core-10.1.19.jar:/Users/hongyuanfan/.m2/repository/org/apache/tomcat/embed/tomcat-embed-websocket/10.1.19/tomcat-embed-websocket-10.1.19.jar:/Users/hongyuanfan/.m2/repository/org/springframework/spring-web/6.1.4/spring-web-6.1.4.jar:/Users/hongyuanfan/.m2/repository/org/springframework/spring-beans/6.1.4/spring-beans-6.1.4.jar:/Users/hongyuanfan/.m2/repository/org/springframework/spring-webmvc/6.1.4/spring-webmvc-6.1.4.jar:/Users/hongyuanfan/.m2/repository/org/springframework/spring-context/6.1.4/spring-context-6.1.4.jar:/Users/hongyuanfan/.m2/repository/org/springframework/spring-expression/6.1.4/spring-expression-6.1.4.jar:/Users/hongyuanfan/.m2/repository/org/springframework/boot/spring-boot-starter-security/3.2.3/spring-boot-starter-security-3.2.3.jar:/Users/hongyuanfan/.m2/repository/org/springframework/spring-aop/6.1.4/spring-aop-6.1.4.jar:/Users/hongyuanfan/.m2/repository/org/springframework/security/spring-security-config/6.2.2/spring-security-config-6.2.2.jar:/Users/hongyuanfan/.m2/repository/org/springframework/security/spring-security-web/6.2.2/spring-security-web-6.2.2.jar:/Users/hongyuanfan/.m2/repository/org/springframework/boot/spring-boot-starter-data-jpa/3.2.3/spring-boot-starter-data-jpa-3.2.3.jar:/Users/hongyuanfan/.m2/repository/org/springframework/boot/spring-boot-starter-jdbc/3.2.3/spring-boot-starter-jdbc-3.2.3.jar:/Users/hongyuanfan/.m2/repository/com/zaxxer/HikariCP/5.0.1/HikariCP-5.0.1.jar:/Users/hongyuanfan/.m2/repository/org/springframework/spring-jdbc/6.1.4/spring-jdbc-6.1.4.jar:/Users/hongyuanfan/.m2/repository/org/hibernate/orm/hibernate-core/6.4.4.Final/hibernate-core-6.4.4.Final.jar:/Users/hongyuanfan/.m2/repository/jakarta/persistence/jakarta.persistence-api/3.1.0/jakarta.persistence-api-3.1.0.jar:/Users/hongyuanfan/.m2/repository/jakarta/transaction/jakarta.transaction-api/2.0.1/jakarta.transaction-api-2.0.1.jar:/Users/hongyuanfan/.m2/repository/org/jboss/logging/jboss-logging/3.5.3.Final/jboss-logging-3.5.3.Final.jar:/Users/hongyuanfan/.m2/repository/org/hibernate/common/hibernate-commons-annotations/6.0.6.Final/hibernate-commons-annotations-6.0.6.Final.jar:/Users/hongyuanfan/.m2/repository/io/smallrye/jandex/3.1.2/jandex-3.1.2.jar:/Users/hongyuanfan/.m2/repository/com/fasterxml/classmate/1.6.0/classmate-1.6.0.jar:/Users/hongyuanfan/.m2/repository/net/bytebuddy/byte-buddy/1.14.12/byte-buddy-1.14.12.jar:/Users/hongyuanfan/.m2/repository/org/glassfish/jaxb/jaxb-runtime/4.0.4/jaxb-runtime-4.0.4.jar:/Users/hongyuanfan/.m2/repository/org/glassfish/jaxb/jaxb-core/4.0.4/jaxb-core-4.0.4.jar:/Users/hongyuanfan/.m2/repository/org/glassfish/jaxb/txw2/4.0.4/txw2-4.0.4.jar:/Users/hongyuanfan/.m2/repository/com/sun/istack/istack-commons-runtime/4.1.2/istack-commons-runtime-4.1.2.jar:/Users/hongyuanfan/.m2/repository/jakarta/inject/jakarta.inject-api/2.0.1/jakarta.inject-api-2.0.1.jar:/Users/hongyuanfan/.m2/repository/org/antlr/antlr4-runtime/4.13.0/antlr4-runtime-4.13.0.jar:/Users/hongyuanfan/.m2/repository/org/springframework/data/spring-data-jpa/3.2.3/spring-data-jpa-3.2.3.jar:/Users/hongyuanfan/.m2/repository/org/springframework/data/spring-data-commons/3.2.3/spring-data-commons-3.2.3.jar:/Users/hongyuanfan/.m2/repository/org/springframework/spring-orm/6.1.4/spring-orm-6.1.4.jar:/Users/hongyuanfan/.m2/repository/org/springframework/spring-aspects/6.1.4/spring-aspects-6.1.4.jar:/Users/hongyuanfan/.m2/repository/org/springframework/boot/spring-boot-starter-data-redis/3.2.3/spring-boot-starter-data-redis-3.2.3.jar:/Users/hongyuanfan/.m2/repository/io/lettuce/lettuce-core/6.3.1.RELEASE/lettuce-core-6.3.1.RELEASE.jar:/Users/hongyuanfan/.m2/repository/io/netty/netty-common/4.1.107.Final/netty-common-4.1.107.Final.jar:/Users/hongyuanfan/.m2/repository/io/netty/netty-handler/4.1.107.Final/netty-handler-4.1.107.Final.jar:/Users/hongyuanfan/.m2/repository/io/netty/netty-transport-native-unix-common/4.1.107.Final/netty-transport-native-unix-common-4.1.107.Final.jar:/Users/hongyuanfan/.m2/repository/io/netty/netty-transport/4.1.107.Final/netty-transport-4.1.107.Final.jar:/Users/hongyuanfan/.m2/repository/io/projectreactor/reactor-core/3.6.3/reactor-core-3.6.3.jar:/Users/hongyuanfan/.m2/repository/org/springframework/data/spring-data-redis/3.2.3/spring-data-redis-3.2.3.jar:/Users/hongyuanfan/.m2/repository/org/springframework/data/spring-data-keyvalue/3.2.3/spring-data-keyvalue-3.2.3.jar:/Users/hongyuanfan/.m2/repository/org/springframework/spring-oxm/6.1.4/spring-oxm-6.1.4.jar:/Users/hongyuanfan/.m2/repository/org/springframework/boot/spring-boot-starter-data-mongodb/3.2.3/spring-boot-starter-data-mongodb-3.2.3.jar:/Users/hongyuanfan/.m2/repository/org/mongodb/mongodb-driver-sync/4.11.1/mongodb-driver-sync-4.11.1.jar:/Users/hongyuanfan/.m2/repository/org/mongodb/bson/4.11.1/bson-4.11.1.jar:/Users/hongyuanfan/.m2/repository/org/mongodb/mongodb-driver-core/4.11.1/mongodb-driver-core-4.11.1.jar:/Users/hongyuanfan/.m2/repository/org/mongodb/bson-record-codec/4.11.1/bson-record-codec-4.11.1.jar:/Users/hongyuanfan/.m2/repository/org/springframework/data/spring-data-mongodb/4.2.3/spring-data-mongodb-4.2.3.jar:/Users/hongyuanfan/.m2/repository/org/springframework/boot/spring-boot-starter-validation/3.2.3/spring-boot-starter-validation-3.2.3.jar:/Users/hongyuanfan/.m2/repository/org/apache/tomcat/embed/tomcat-embed-el/10.1.19/tomcat-embed-el-10.1.19.jar:/Users/hongyuanfan/.m2/repository/org/hibernate/validator/hibernate-validator/8.0.1.Final/hibernate-validator-8.0.1.Final.jar:/Users/hongyuanfan/.m2/repository/jakarta/validation/jakarta.validation-api/3.0.2/jakarta.validation-api-3.0.2.jar:/Users/hongyuanfan/.m2/repository/org/springframework/boot/spring-boot-starter-mail/3.2.3/spring-boot-starter-mail-3.2.3.jar:/Users/hongyuanfan/.m2/repository/org/springframework/spring-context-support/6.1.4/spring-context-support-6.1.4.jar:/Users/hongyuanfan/.m2/repository/org/eclipse/angus/jakarta.mail/2.0.2/jakarta.mail-2.0.2.jar:/Users/hongyuanfan/.m2/repository/jakarta/activation/jakarta.activation-api/2.1.2/jakarta.activation-api-2.1.2.jar:/Users/hongyuanfan/.m2/repository/org/eclipse/angus/angus-activation/2.0.1/angus-activation-2.0.1.jar:/Users/hongyuanfan/.m2/repository/org/springframework/boot/spring-boot-starter-amqp/3.2.3/spring-boot-starter-amqp-3.2.3.jar:/Users/hongyuanfan/.m2/repository/org/springframework/spring-messaging/6.1.4/spring-messaging-6.1.4.jar:/Users/hongyuanfan/.m2/repository/org/springframework/amqp/spring-rabbit/3.1.2/spring-rabbit-3.1.2.jar:/Users/hongyuanfan/.m2/repository/org/springframework/amqp/spring-amqp/3.1.2/spring-amqp-3.1.2.jar:/Users/hongyuanfan/.m2/repository/org/springframework/retry/spring-retry/2.0.5/spring-retry-2.0.5.jar:/Users/hongyuanfan/.m2/repository/com/rabbitmq/amqp-client/5.19.0/amqp-client-5.19.0.jar:/Users/hongyuanfan/.m2/repository/org/springframework/boot/spring-boot-starter-actuator/3.2.3/spring-boot-starter-actuator-3.2.3.jar:/Users/hongyuanfan/.m2/repository/org/springframework/boot/spring-boot-actuator-autoconfigure/3.2.3/spring-boot-actuator-autoconfigure-3.2.3.jar:/Users/hongyuanfan/.m2/repository/org/springframework/boot/spring-boot-actuator/3.2.3/spring-boot-actuator-3.2.3.jar:/Users/hongyuanfan/.m2/repository/io/micrometer/micrometer-observation/1.12.3/micrometer-observation-1.12.3.jar:/Users/hongyuanfan/.m2/repository/io/micrometer/micrometer-commons/1.12.3/micrometer-commons-1.12.3.jar:/Users/hongyuanfan/.m2/repository/io/micrometer/micrometer-jakarta9/1.12.3/micrometer-jakarta9-1.12.3.jar:/Users/hongyuanfan/.m2/repository/io/micrometer/micrometer-core/1.12.3/micrometer-core-1.12.3.jar:/Users/hongyuanfan/.m2/repository/org/hdrhistogram/HdrHistogram/2.1.12/HdrHistogram-2.1.12.jar:/Users/hongyuanfan/.m2/repository/org/latencyutils/LatencyUtils/2.0.3/LatencyUtils-2.0.3.jar:/Users/hongyuanfan/.m2/repository/org/springframework/boot/spring-boot-starter-aop/3.2.3/spring-boot-starter-aop-3.2.3.jar:/Users/hongyuanfan/.m2/repository/org/aspectj/aspectjweaver/1.9.21/aspectjweaver-1.9.21.jar:/Users/hongyuanfan/.m2/repository/org/springframework/statemachine/spring-statemachine-starter/4.0.0/spring-statemachine-starter-4.0.0.jar:/Users/hongyuanfan/.m2/repository/org/springframework/statemachine/spring-statemachine-autoconfigure/4.0.0/spring-statemachine-autoconfigure-4.0.0.jar:/Users/hongyuanfan/.m2/repository/org/springframework/statemachine/spring-statemachine-core/4.0.0/spring-statemachine-core-4.0.0.jar:/Users/hongyuanfan/.m2/repository/org/springframework/boot/spring-boot-starter-batch/3.2.3/spring-boot-starter-batch-3.2.3.jar:/Users/hongyuanfan/.m2/repository/org/springframework/batch/spring-batch-core/5.1.1/spring-batch-core-5.1.1.jar:/Users/hongyuanfan/.m2/repository/org/springframework/batch/spring-batch-infrastructure/5.1.1/spring-batch-infrastructure-5.1.1.jar:/Users/hongyuanfan/.m2/repository/org/postgresql/postgresql/42.6.1/postgresql-42.6.1.jar:/Users/hongyuanfan/.m2/repository/org/checkerframework/checker-qual/3.31.0/checker-qual-3.31.0.jar:/Users/hongyuanfan/.m2/repository/com/h2database/h2/2.2.224/h2-2.2.224.jar:/Users/hongyuanfan/.m2/repository/io/jsonwebtoken/jjwt-api/0.11.5/jjwt-api-0.11.5.jar:/Users/hongyuanfan/.m2/repository/io/jsonwebtoken/jjwt-impl/0.11.5/jjwt-impl-0.11.5.jar:/Users/hongyuanfan/.m2/repository/io/jsonwebtoken/jjwt-jackson/0.11.5/jjwt-jackson-0.11.5.jar:/Users/hongyuanfan/.m2/repository/com/fasterxml/jackson/core/jackson-databind/2.15.4/jackson-databind-2.15.4.jar:/Users/hongyuanfan/.m2/repository/org/springdoc/springdoc-openapi-starter-webmvc-ui/2.2.0/springdoc-openapi-starter-webmvc-ui-2.2.0.jar:/Users/hongyuanfan/.m2/repository/org/springdoc/springdoc-openapi-starter-webmvc-api/2.2.0/springdoc-openapi-starter-webmvc-api-2.2.0.jar:/Users/hongyuanfan/.m2/repository/org/springdoc/springdoc-openapi-starter-common/2.2.0/springdoc-openapi-starter-common-2.2.0.jar:/Users/hongyuanfan/.m2/repository/io/swagger/core/v3/swagger-core-jakarta/2.2.15/swagger-core-jakarta-2.2.15.jar:/Users/hongyuanfan/.m2/repository/io/swagger/core/v3/swagger-annotations-jakarta/2.2.15/swagger-annotations-jakarta-2.2.15.jar:/Users/hongyuanfan/.m2/repository/io/swagger/core/v3/swagger-models-jakarta/2.2.15/swagger-models-jakarta-2.2.15.jar:/Users/hongyuanfan/.m2/repository/com/fasterxml/jackson/dataformat/jackson-dataformat-yaml/2.15.4/jackson-dataformat-yaml-2.15.4.jar:/Users/hongyuanfan/.m2/repository/org/webjars/swagger-ui/5.2.0/swagger-ui-5.2.0.jar:/Users/hongyuanfan/.m2/repository/com/github/vladimir-bukhtoyarov/bucket4j-core/7.6.0/bucket4j-core-7.6.0.jar:/Users/hongyuanfan/.m2/repository/org/springframework/boot/spring-boot-starter-test/3.2.3/spring-boot-starter-test-3.2.3.jar:/Users/hongyuanfan/.m2/repository/org/springframework/boot/spring-boot-test/3.2.3/spring-boot-test-3.2.3.jar:/Users/hongyuanfan/.m2/repository/org/springframework/boot/spring-boot-test-autoconfigure/3.2.3/spring-boot-test-autoconfigure-3.2.3.jar:/Users/hongyuanfan/.m2/repository/com/jayway/jsonpath/json-path/2.9.0/json-path-2.9.0.jar:/Users/hongyuanfan/.m2/repository/jakarta/xml/bind/jakarta.xml.bind-api/4.0.1/jakarta.xml.bind-api-4.0.1.jar:/Users/hongyuanfan/.m2/repository/net/minidev/json-smart/2.5.0/json-smart-2.5.0.jar:/Users/hongyuanfan/.m2/repository/net/minidev/accessors-smart/2.5.0/accessors-smart-2.5.0.jar:/Users/hongyuanfan/.m2/repository/org/ow2/asm/asm/9.3/asm-9.3.jar:/Users/hongyuanfan/.m2/repository/org/assertj/assertj-core/3.24.2/assertj-core-3.24.2.jar:/Users/hongyuanfan/.m2/repository/org/awaitility/awaitility/4.2.0/awaitility-4.2.0.jar:/Users/hongyuanfan/.m2/repository/org/hamcrest/hamcrest/2.2/hamcrest-2.2.jar:/Users/hongyuanfan/.m2/repository/org/junit/jupiter/junit-jupiter/5.10.2/junit-jupiter-5.10.2.jar:/Users/hongyuanfan/.m2/repository/org/junit/jupiter/junit-jupiter-api/5.10.2/junit-jupiter-api-5.10.2.jar:/Users/hongyuanfan/.m2/repository/org/opentest4j/opentest4j/1.3.0/opentest4j-1.3.0.jar:/Users/hongyuanfan/.m2/repository/org/junit/platform/junit-platform-commons/1.10.2/junit-platform-commons-1.10.2.jar:/Users/hongyuanfan/.m2/repository/org/apiguardian/apiguardian-api/1.1.2/apiguardian-api-1.1.2.jar:/Users/hongyuanfan/.m2/repository/org/junit/jupiter/junit-jupiter-params/5.10.2/junit-jupiter-params-5.10.2.jar:/Users/hongyuanfan/.m2/repository/org/junit/jupiter/junit-jupiter-engine/5.10.2/junit-jupiter-engine-5.10.2.jar:/Users/hongyuanfan/.m2/repository/org/junit/platform/junit-platform-engine/1.10.2/junit-platform-engine-1.10.2.jar:/Users/hongyuanfan/.m2/repository/org/mockito/mockito-core/5.7.0/mockito-core-5.7.0.jar:/Users/hongyuanfan/.m2/repository/net/bytebuddy/byte-buddy-agent/1.14.12/byte-buddy-agent-1.14.12.jar:/Users/hongyuanfan/.m2/repository/org/objenesis/objenesis/3.3/objenesis-3.3.jar:/Users/hongyuanfan/.m2/repository/org/mockito/mockito-junit-jupiter/5.7.0/mockito-junit-jupiter-5.7.0.jar:/Users/hongyuanfan/.m2/repository/org/skyscreamer/jsonassert/1.5.1/jsonassert-1.5.1.jar:/Users/hongyuanfan/.m2/repository/com/vaadin/external/google/android-json/0.0.20131108.vaadin1/android-json-0.0.20131108.vaadin1.jar:/Users/hongyuanfan/.m2/repository/org/springframework/spring-core/6.1.4/spring-core-6.1.4.jar:/Users/hongyuanfan/.m2/repository/org/springframework/spring-jcl/6.1.4/spring-jcl-6.1.4.jar:/Users/hongyuanfan/.m2/repository/org/springframework/spring-test/6.1.4/spring-test-6.1.4.jar:/Users/hongyuanfan/.m2/repository/org/xmlunit/xmlunit-core/2.9.1/xmlunit-core-2.9.1.jar:/Users/hongyuanfan/.m2/repository/org/springframework/security/spring-security-test/6.2.2/spring-security-test-6.2.2.jar:/Users/hongyuanfan/.m2/repository/org/springframework/security/spring-security-core/6.2.2/spring-security-core-6.2.2.jar:/Users/hongyuanfan/.m2/repository/org/springframework/security/spring-security-crypto/6.2.2/spring-security-crypto-6.2.2.jar:/Users/hongyuanfan/.m2/repository/org/springframework/amqp/spring-rabbit-test/3.1.2/spring-rabbit-test-3.1.2.jar:/Users/hongyuanfan/.m2/repository/org/springframework/amqp/spring-rabbit-junit/3.1.2/spring-rabbit-junit-3.1.2.jar:/Users/hongyuanfan/.m2/repository/org/hamcrest/hamcrest-library/2.2/hamcrest-library-2.2.jar:/Users/hongyuanfan/.m2/repository/org/hamcrest/hamcrest-core/2.2/hamcrest-core-2.2.jar:/Users/hongyuanfan/.m2/repository/org/testcontainers/junit-jupiter/1.19.3/junit-jupiter-1.19.3.jar:/Users/hongyuanfan/.m2/repository/org/testcontainers/testcontainers/1.19.3/testcontainers-1.19.3.jar:/Users/hongyuanfan/.m2/repository/junit/junit/4.13.2/junit-4.13.2.jar:/Users/hongyuanfan/.m2/repository/org/apache/commons/commons-compress/1.24.0/commons-compress-1.24.0.jar:/Users/hongyuanfan/.m2/repository/org/rnorth/duct-tape/duct-tape/1.0.8/duct-tape-1.0.8.jar:/Users/hongyuanfan/.m2/repository/org/jetbrains/annotations/17.0.0/annotations-17.0.0.jar:/Users/hongyuanfan/.m2/repository/com/github/docker-java/docker-java-api/3.3.4/docker-java-api-3.3.4.jar:/Users/hongyuanfan/.m2/repository/com/github/docker-java/docker-java-transport-zerodep/3.3.4/docker-java-transport-zerodep-3.3.4.jar:/Users/hongyuanfan/.m2/repository/com/github/docker-java/docker-java-transport/3.3.4/docker-java-transport-3.3.4.jar:/Users/hongyuanfan/.m2/repository/net/java/dev/jna/jna/5.13.0/jna-5.13.0.jar:/Users/hongyuanfan/.m2/repository/org/testcontainers/postgresql/1.19.3/postgresql-1.19.3.jar:/Users/hongyuanfan/.m2/repository/org/testcontainers/jdbc/1.19.3/jdbc-1.19.3.jar:/Users/hongyuanfan/.m2/repository/org/testcontainers/database-commons/1.19.3/database-commons-1.19.3.jar:/Users/hongyuanfan/.m2/repository/org/testcontainers/mongodb/1.19.3/mongodb-1.19.3.jar:/Users/hongyuanfan/.m2/repository/org/testcontainers/rabbitmq/1.19.3/rabbitmq-1.19.3.jar:/Users/hongyuanfan/.m2/repository/com/itextpdf/kernel/7.2.5/kernel-7.2.5.jar:/Users/hongyuanfan/.m2/repository/com/itextpdf/io/7.2.5/io-7.2.5.jar:/Users/hongyuanfan/.m2/repository/com/itextpdf/commons/7.2.5/commons-7.2.5.jar:/Users/hongyuanfan/.m2/repository/org/bouncycastle/bcprov-jdk15on/1.70/bcprov-jdk15on-1.70.jar:/Users/hongyuanfan/.m2/repository/org/slf4j/slf4j-api/2.0.12/slf4j-api-2.0.12.jar:/Users/hongyuanfan/.m2/repository/com/itextpdf/layout/7.2.5/layout-7.2.5.jar:/Users/hongyuanfan/.m2/repository/software/amazon/awssdk/s3/2.21.29/s3-2.21.29.jar:/Users/hongyuanfan/.m2/repository/software/amazon/awssdk/aws-xml-protocol/2.21.29/aws-xml-protocol-2.21.29.jar:/Users/hongyuanfan/.m2/repository/software/amazon/awssdk/aws-query-protocol/2.21.29/aws-query-protocol-2.21.29.jar:/Users/hongyuanfan/.m2/repository/software/amazon/awssdk/protocol-core/2.21.29/protocol-core-2.21.29.jar:/Users/hongyuanfan/.m2/repository/software/amazon/awssdk/arns/2.21.29/arns-2.21.29.jar:/Users/hongyuanfan/.m2/repository/software/amazon/awssdk/profiles/2.21.29/profiles-2.21.29.jar:/Users/hongyuanfan/.m2/repository/software/amazon/awssdk/crt-core/2.21.29/crt-core-2.21.29.jar:/Users/hongyuanfan/.m2/repository/software/amazon/awssdk/http-auth/2.21.29/http-auth-2.21.29.jar:/Users/hongyuanfan/.m2/repository/software/amazon/awssdk/identity-spi/2.21.29/identity-spi-2.21.29.jar:/Users/hongyuanfan/.m2/repository/software/amazon/awssdk/http-auth-spi/2.21.29/http-auth-spi-2.21.29.jar:/Users/hongyuanfan/.m2/repository/org/reactivestreams/reactive-streams/1.0.4/reactive-streams-1.0.4.jar:/Users/hongyuanfan/.m2/repository/software/amazon/awssdk/http-auth-aws/2.21.29/http-auth-aws-2.21.29.jar:/Users/hongyuanfan/.m2/repository/software/amazon/awssdk/checksums-spi/2.21.29/checksums-spi-2.21.29.jar:/Users/hongyuanfan/.m2/repository/software/amazon/awssdk/checksums/2.21.29/checksums-2.21.29.jar:/Users/hongyuanfan/.m2/repository/software/amazon/awssdk/sdk-core/2.21.29/sdk-core-2.21.29.jar:/Users/hongyuanfan/.m2/repository/software/amazon/awssdk/auth/2.21.29/auth-2.21.29.jar:/Users/hongyuanfan/.m2/repository/software/amazon/eventstream/eventstream/1.0.1/eventstream-1.0.1.jar:/Users/hongyuanfan/.m2/repository/software/amazon/awssdk/http-client-spi/2.21.29/http-client-spi-2.21.29.jar:/Users/hongyuanfan/.m2/repository/software/amazon/awssdk/regions/2.21.29/regions-2.21.29.jar:/Users/hongyuanfan/.m2/repository/software/amazon/awssdk/annotations/2.21.29/annotations-2.21.29.jar:/Users/hongyuanfan/.m2/repository/software/amazon/awssdk/utils/2.21.29/utils-2.21.29.jar:/Users/hongyuanfan/.m2/repository/software/amazon/awssdk/aws-core/2.21.29/aws-core-2.21.29.jar:/Users/hongyuanfan/.m2/repository/software/amazon/awssdk/metrics-spi/2.21.29/metrics-spi-2.21.29.jar:/Users/hongyuanfan/.m2/repository/software/amazon/awssdk/json-utils/2.21.29/json-utils-2.21.29.jar:/Users/hongyuanfan/.m2/repository/software/amazon/awssdk/third-party-jackson-core/2.21.29/third-party-jackson-core-2.21.29.jar:/Users/hongyuanfan/.m2/repository/software/amazon/awssdk/endpoints-spi/2.21.29/endpoints-spi-2.21.29.jar:/Users/hongyuanfan/.m2/repository/software/amazon/awssdk/apache-client/2.21.29/apache-client-2.21.29.jar:/Users/hongyuanfan/.m2/repository/org/apache/httpcomponents/httpclient/4.5.13/httpclient-4.5.13.jar:/Users/hongyuanfan/.m2/repository/commons-logging/commons-logging/1.2/commons-logging-1.2.jar:/Users/hongyuanfan/.m2/repository/org/apache/httpcomponents/httpcore/4.4.16/httpcore-4.4.16.jar:/Users/hongyuanfan/.m2/repository/commons-codec/commons-codec/1.16.1/commons-codec-1.16.1.jar:/Users/hongyuanfan/.m2/repository/software/amazon/awssdk/netty-nio-client/2.21.29/netty-nio-client-2.21.29.jar:/Users/hongyuanfan/.m2/repository/io/netty/netty-codec-http/4.1.107.Final/netty-codec-http-4.1.107.Final.jar:/Users/hongyuanfan/.m2/repository/io/netty/netty-codec-http2/4.1.107.Final/netty-codec-http2-4.1.107.Final.jar:/Users/hongyuanfan/.m2/repository/io/netty/netty-codec/4.1.107.Final/netty-codec-4.1.107.Final.jar:/Users/hongyuanfan/.m2/repository/io/netty/netty-buffer/4.1.107.Final/netty-buffer-4.1.107.Final.jar:/Users/hongyuanfan/.m2/repository/io/netty/netty-transport-classes-epoll/4.1.107.Final/netty-transport-classes-epoll-4.1.107.Final.jar:/Users/hongyuanfan/.m2/repository/io/netty/netty-resolver/4.1.107.Final/netty-resolver-4.1.107.Final.jar:/Users/hongyuanfan/.m2/repository/org/bouncycastle/bcpkix-jdk15on/1.70/bcpkix-jdk15on-1.70.jar:/Users/hongyuanfan/.m2/repository/org/bouncycastle/bcutil-jdk15on/1.70/bcutil-jdk15on-1.70.jar:/Users/hongyuanfan/.m2/repository/org/springframework/boot/spring-boot-starter-quartz/3.2.3/spring-boot-starter-quartz-3.2.3.jar:/Users/hongyuanfan/.m2/repository/org/springframework/spring-tx/6.1.4/spring-tx-6.1.4.jar:/Users/hongyuanfan/.m2/repository/org/quartz-scheduler/quartz/2.3.2/quartz-2.3.2.jar:/Users/hongyuanfan/.m2/repository/com/mchange/mchange-commons-java/0.2.15/mchange-commons-java-0.2.15.jar:/Users/hongyuanfan/.m2/repository/org/apache/commons/commons-lang3/3.13.0/commons-lang3-3.13.0.jar:/Users/hongyuanfan/.m2/repository/com/fasterxml/jackson/datatype/jackson-datatype-jsr310/2.15.4/jackson-datatype-jsr310-2.15.4.jar:/Users/hongyuanfan/.m2/repository/com/fasterxml/jackson/core/jackson-annotations/2.15.4/jackson-annotations-2.15.4.jar:/Users/hongyuanfan/.m2/repository/com/fasterxml/jackson/core/jackson-core/2.15.4/jackson-core-2.15.4.jar:/Users/hongyuanfan/.m2/repository/org/mapstruct/mapstruct/1.5.5.Final/mapstruct-1.5.5.Final.jar:/Users/hongyuanfan/.m2/repository/org/mapstruct/mapstruct-processor/1.5.5.Final/mapstruct-processor-1.5.5.Final.jar:/Users/hongyuanfan/.m2/repository/org/projectlombok/lombok/1.18.30/lombok-1.18.30.jar:/Users/hongyuanfan/.m2/repository/com/google/zxing/core/3.5.2/core-3.5.2.jar:/Users/hongyuanfan/.m2/repository/com/google/zxing/javase/3.5.2/javase-3.5.2.jar:/Users/hongyuanfan/.m2/repository/com/beust/jcommander/1.82/jcommander-1.82.jar:/Users/hongyuanfan/.m2/repository/com/github/jai-imageio/jai-imageio-core/1.4.0/jai-imageio-core-1.4.0.jar:"/>
    <property name="sun.cpu.endian" value="little"/>
    <property name="user.home" value="/Users/hongyuanfan"/>
    <property name="user.language" value="zh"/>
    <property name="java.specification.vendor" value="Oracle Corporation"/>
    <property name="java.version.date" value="2025-04-15"/>
    <property name="java.home" value="/Library/Java/JavaVirtualMachines/temurin-17.jdk/Contents/Home"/>
    <property name="file.separator" value="/"/>
    <property name="basedir" value="/Users/hongyuanfan/Desktop/lifetech/LifeTechBackend/Backend"/>
    <property name="java.vm.compressedOopsMode" value="Zero based"/>
    <property name="line.separator" value="&#10;"/>
    <property name="java.vm.specification.vendor" value="Oracle Corporation"/>
    <property name="java.specification.name" value="Java Platform API Specification"/>
    <property name="FILE_LOG_CHARSET" value="UTF-8"/>
    <property name="java.awt.headless" value="true"/>
    <property name="surefire.real.class.path" value="/Users/hongyuanfan/Desktop/lifetech/LifeTechBackend/Backend/target/surefire/surefirebooter-20250617135629134_3.jar"/>
    <property name="user.script" value="Hans"/>
    <property name="sun.management.compiler" value="HotSpot 64-Bit Tiered Compilers"/>
    <property name="ftp.nonProxyHosts" value="local|*.local|169.254/16|*.169.254/16"/>
    <property name="java.runtime.version" value="17.0.15+6"/>
    <property name="user.name" value="hongyuanfan"/>
    <property name="path.separator" value=":"/>
    <property name="os.version" value="14.3.1"/>
    <property name="java.runtime.name" value="OpenJDK Runtime Environment"/>
    <property name="file.encoding" value="UTF-8"/>
    <property name="FILE_LOG_PATTERN" value="%d{yyyy-MM-dd HH:mm:ss} [%thread] %-5level %logger{36} - %msg%n"/>
    <property name="java.vm.name" value="OpenJDK 64-Bit Server VM"/>
    <property name="java.vendor.version" value="Temurin-17.0.15+6"/>
    <property name="LOG_FILE" value="logs/lifetech-backend.log"/>
    <property name="localRepository" value="/Users/hongyuanfan/.m2/repository"/>
    <property name="java.vendor.url.bug" value="https://github.com/adoptium/adoptium-support/issues"/>
    <property name="java.io.tmpdir" value="/var/folders/ny/p1b7h5516x34l3qfnxgzb2v00000gn/T/"/>
    <property name="catalina.home" value="/private/var/folders/ny/p1b7h5516x34l3qfnxgzb2v00000gn/T/tomcat.0.9717108898207549786"/>
    <property name="java.version" value="17.0.15"/>
    <property name="user.dir" value="/Users/hongyuanfan/Desktop/lifetech/LifeTechBackend/Backend"/>
    <property name="os.arch" value="aarch64"/>
    <property name="java.vm.specification.name" value="Java Virtual Machine Specification"/>
    <property name="PID" value="76687"/>
    <property name="CONSOLE_LOG_CHARSET" value="UTF-8"/>
    <property name="catalina.base" value="/private/var/folders/ny/p1b7h5516x34l3qfnxgzb2v00000gn/T/tomcat.0.9717108898207549786"/>
    <property name="native.encoding" value="UTF-8"/>
    <property name="java.library.path" value="/Users/hongyuanfan/Library/Java/Extensions:/Library/Java/Extensions:/Network/Library/Java/Extensions:/System/Library/Java/Extensions:/usr/lib/java:."/>
    <property name="java.vm.info" value="mixed mode, sharing"/>
    <property name="java.vendor" value="Eclipse Adoptium"/>
    <property name="java.vm.version" value="17.0.15+6"/>
    <property name="java.specification.maintenance.version" value="1"/>
    <property name="sun.io.unicode.encoding" value="UnicodeBig"/>
    <property name="socksNonProxyHosts" value="local|*.local|169.254/16|*.169.254/16"/>
    <property name="java.class.version" value="61.0"/>
    <property name="CONSOLE_LOG_PATTERN" value="%d{HH:mm:ss.SSS} [%thread] %-5level %logger{36} - %msg%n"/>
    <property name="LOGGED_APPLICATION_NAME" value="[lifetech-backend] "/>
  </properties>
  <testcase name="updateMembershipTier_WithEmptyRequestBody_ReturnsBadRequest" classname="com.finance.admin.client.controller.ClientMembershipControllerTest" time="0.007">
    <system-out><![CDATA[13:56:44.043 [main] INFO  o.s.t.c.s.AnnotationConfigContextLoaderUtils - Could not detect default configuration classes for test class [com.finance.admin.client.controller.ClientMembershipControllerTest]: ClientMembershipControllerTest does not declare any static, non-private, non-final, nested classes annotated with @Configuration.
13:56:44.061 [main] INFO  o.s.b.t.c.SpringBootTestContextBootstrapper - Found @SpringBootConfiguration com.finance.admin.AdminManagementApplication for test class com.finance.admin.client.controller.ClientMembershipControllerTest

  .   ____          _            __ _ _
 /\\ / ___'_ __ _ _(_)_ __  __ _ \ \ \ \
( ( )\___ | '_ | '_| | '_ \/ _` | \ \ \ \
 \\/  ___)| |_)| | | | | || (_| |  ) ) ) )
  '  |____| .__|_| |_|_| |_\__, | / / / /
 =========|_|==============|___/=/_/_/_/
 :: Spring Boot ::                (v3.2.3)

13:56:44.084 [main] INFO  c.f.a.c.c.ClientMembershipControllerTest - Starting ClientMembershipControllerTest using Java 17.0.15 with PID 76687 (started by hongyuanfan in /Users/hongyuanfan/Desktop/lifetech/LifeTechBackend/Backend)
13:56:44.084 [main] DEBUG c.f.a.c.c.ClientMembershipControllerTest - Running with Spring Boot v3.2.3, Spring v6.1.4
13:56:44.084 [main] INFO  c.f.a.c.c.ClientMembershipControllerTest - The following 1 profile is active: "development"
13:56:44.293 [main] INFO  c.finance.admin.config.WebMvcConfig - Configuring Swagger UI resource handlers
13:56:44.315 [main] WARN  o.s.b.a.s.s.UserDetailsServiceAutoConfiguration - 

Using generated security password: 42c7054e-778b-4a4f-b66f-12f9faf212f1

This generated password is for development use only. Your security configuration must be updated before running your application in production.

13:56:44.328 [main] INFO  o.s.s.web.DefaultSecurityFilterChain - Will secure any request with [org.springframework.security.web.session.DisableEncodeUrlFilter@23946c3, org.springframework.security.web.context.request.async.WebAsyncManagerIntegrationFilter@4baf2a70, org.springframework.security.web.context.SecurityContextHolderFilter@639163b4, org.springframework.security.web.header.HeaderWriterFilter@1a6cc67c, org.springframework.web.filter.CorsFilter@451374d8, org.springframework.security.web.csrf.CsrfFilter@50f44f30, org.springframework.security.web.authentication.logout.LogoutFilter@2fd785e, org.springframework.security.web.authentication.UsernamePasswordAuthenticationFilter@579b2538, org.springframework.security.web.authentication.ui.DefaultLoginPageGeneratingFilter@a7e48f9, org.springframework.security.web.authentication.ui.DefaultLogoutPageGeneratingFilter@174c9107, org.springframework.security.web.authentication.www.BasicAuthenticationFilter@3ecd881d, org.springframework.security.web.savedrequest.RequestCacheAwareFilter@116e3d39, org.springframework.security.web.servletapi.SecurityContextHolderAwareRequestFilter@76dd2f78, org.springframework.security.web.authentication.AnonymousAuthenticationFilter@5f8bd273, org.springframework.security.web.access.ExceptionTranslationFilter@6f7114b8, org.springframework.security.web.access.intercept.AuthorizationFilter@65858b47]
13:56:44.334 [main] INFO  o.s.b.t.m.w.SpringBootMockServletContext - Initializing Spring TestDispatcherServlet ''
13:56:44.334 [main] INFO  o.s.t.w.s.TestDispatcherServlet - Initializing Servlet ''
13:56:44.334 [main] INFO  o.s.t.w.s.TestDispatcherServlet - Completed initialization in 0 ms
13:56:44.339 [main] INFO  c.f.a.c.c.ClientMembershipControllerTest - Started ClientMembershipControllerTest in 0.273 seconds (process running for 15.155)
13:56:44.341 [main] DEBUG o.s.s.w.c.HttpSessionSecurityContextRepository - Created HttpSession as SecurityContext is non-default
13:56:44.341 [main] DEBUG o.s.s.w.c.HttpSessionSecurityContextRepository - Stored SecurityContextImpl [Authentication=UsernamePasswordAuthenticationToken [Principal=org.springframework.security.core.userdetails.User [Username=user, Password=[PROTECTED], Enabled=true, AccountNonExpired=true, CredentialsNonExpired=true, AccountNonLocked=true, Granted Authorities=[ROLE_CLIENT]], Credentials=[PROTECTED], Authenticated=true, Details=null, Granted Authorities=[ROLE_CLIENT]]] to HttpSession [org.springframework.mock.web.MockHttpSession@6f6f7c8b]
13:56:44.341 [main] DEBUG o.s.security.web.FilterChainProxy - Securing PUT /api/client/membership/1/tier
13:56:44.342 [main] DEBUG o.s.s.w.c.HttpSessionSecurityContextRepository - Retrieved SecurityContextImpl [Authentication=UsernamePasswordAuthenticationToken [Principal=org.springframework.security.core.userdetails.User [Username=user, Password=[PROTECTED], Enabled=true, AccountNonExpired=true, CredentialsNonExpired=true, AccountNonLocked=true, Granted Authorities=[ROLE_CLIENT]], Credentials=[PROTECTED], Authenticated=true, Details=null, Granted Authorities=[ROLE_CLIENT]]]
13:56:44.342 [main] DEBUG o.s.security.web.FilterChainProxy - Secured PUT /api/client/membership/1/tier
13:56:44.343 [main] DEBUG o.s.s.a.m.AuthorizationManagerBeforeMethodInterceptor - Authorizing method invocation ReflectiveMethodInvocation: public org.springframework.http.ResponseEntity com.finance.admin.client.controller.ClientMembershipController.updateMembershipTier(java.lang.Long,java.util.Map); target is of class [com.finance.admin.client.controller.ClientMembershipController]
13:56:44.343 [main] DEBUG o.s.s.a.m.AuthorizationManagerBeforeMethodInterceptor - Authorized method invocation ReflectiveMethodInvocation: public org.springframework.http.ResponseEntity com.finance.admin.client.controller.ClientMembershipController.updateMembershipTier(java.lang.Long,java.util.Map); target is of class [com.finance.admin.client.controller.ClientMembershipController]
13:56:44.343 [main] INFO  c.f.a.c.c.ClientMembershipController - Updating membership tier for client: 1
]]></system-out>
  </testcase>
  <testcase name="updateMembershipTier_WithInvalidTier_ReturnsBadRequest" classname="com.finance.admin.client.controller.ClientMembershipControllerTest" time="0.008">
    <system-out><![CDATA[13:56:44.350 [main] DEBUG o.s.s.w.c.HttpSessionSecurityContextRepository - Created HttpSession as SecurityContext is non-default
13:56:44.350 [main] DEBUG o.s.s.w.c.HttpSessionSecurityContextRepository - Stored SecurityContextImpl [Authentication=UsernamePasswordAuthenticationToken [Principal=org.springframework.security.core.userdetails.User [Username=user, Password=[PROTECTED], Enabled=true, AccountNonExpired=true, CredentialsNonExpired=true, AccountNonLocked=true, Granted Authorities=[ROLE_CLIENT]], Credentials=[PROTECTED], Authenticated=true, Details=null, Granted Authorities=[ROLE_CLIENT]]] to HttpSession [org.springframework.mock.web.MockHttpSession@1cb0eccf]
13:56:44.351 [main] DEBUG o.s.security.web.FilterChainProxy - Securing PUT /api/client/membership/1/tier
13:56:44.351 [main] DEBUG o.s.s.w.c.HttpSessionSecurityContextRepository - Retrieved SecurityContextImpl [Authentication=UsernamePasswordAuthenticationToken [Principal=org.springframework.security.core.userdetails.User [Username=user, Password=[PROTECTED], Enabled=true, AccountNonExpired=true, CredentialsNonExpired=true, AccountNonLocked=true, Granted Authorities=[ROLE_CLIENT]], Credentials=[PROTECTED], Authenticated=true, Details=null, Granted Authorities=[ROLE_CLIENT]]]
13:56:44.351 [main] DEBUG o.s.security.web.FilterChainProxy - Secured PUT /api/client/membership/1/tier
13:56:44.352 [main] DEBUG o.s.s.a.m.AuthorizationManagerBeforeMethodInterceptor - Authorizing method invocation ReflectiveMethodInvocation: public org.springframework.http.ResponseEntity com.finance.admin.client.controller.ClientMembershipController.updateMembershipTier(java.lang.Long,java.util.Map); target is of class [com.finance.admin.client.controller.ClientMembershipController]
13:56:44.352 [main] DEBUG o.s.s.a.m.AuthorizationManagerBeforeMethodInterceptor - Authorized method invocation ReflectiveMethodInvocation: public org.springframework.http.ResponseEntity com.finance.admin.client.controller.ClientMembershipController.updateMembershipTier(java.lang.Long,java.util.Map); target is of class [com.finance.admin.client.controller.ClientMembershipController]
13:56:44.352 [main] INFO  c.f.a.c.c.ClientMembershipController - Updating membership tier for client: 1
13:56:44.354 [main] ERROR c.f.a.c.e.GlobalExceptionHandler - Illegal argument: Invalid membership tier: INVALID_TIER
]]></system-out>
  </testcase>
  <testcase name="updateMembershipTier_WithInvalidJson_ReturnsBadRequest" classname="com.finance.admin.client.controller.ClientMembershipControllerTest" time="0.004">
    <system-out><![CDATA[13:56:44.358 [main] DEBUG o.s.s.w.c.HttpSessionSecurityContextRepository - Created HttpSession as SecurityContext is non-default
13:56:44.358 [main] DEBUG o.s.s.w.c.HttpSessionSecurityContextRepository - Stored SecurityContextImpl [Authentication=UsernamePasswordAuthenticationToken [Principal=org.springframework.security.core.userdetails.User [Username=user, Password=[PROTECTED], Enabled=true, AccountNonExpired=true, CredentialsNonExpired=true, AccountNonLocked=true, Granted Authorities=[ROLE_CLIENT]], Credentials=[PROTECTED], Authenticated=true, Details=null, Granted Authorities=[ROLE_CLIENT]]] to HttpSession [org.springframework.mock.web.MockHttpSession@1bbf824]
13:56:44.358 [main] DEBUG o.s.security.web.FilterChainProxy - Securing PUT /api/client/membership/1/tier
13:56:44.358 [main] DEBUG o.s.s.w.c.HttpSessionSecurityContextRepository - Retrieved SecurityContextImpl [Authentication=UsernamePasswordAuthenticationToken [Principal=org.springframework.security.core.userdetails.User [Username=user, Password=[PROTECTED], Enabled=true, AccountNonExpired=true, CredentialsNonExpired=true, AccountNonLocked=true, Granted Authorities=[ROLE_CLIENT]], Credentials=[PROTECTED], Authenticated=true, Details=null, Granted Authorities=[ROLE_CLIENT]]]
13:56:44.358 [main] DEBUG o.s.security.web.FilterChainProxy - Secured PUT /api/client/membership/1/tier
13:56:44.359 [main] ERROR c.f.a.c.e.GlobalExceptionHandler - Invalid JSON format: JSON parse error: Unrecognized token 'invalid': was expecting (JSON String, Number, Array, Object or token 'null', 'true' or 'false')
]]></system-out>
  </testcase>
  <testcase name="generateDigitalCard_WithoutCsrf_ReturnsForbidden" classname="com.finance.admin.client.controller.ClientMembershipControllerTest" time="0.002">
    <system-out><![CDATA[13:56:44.361 [main] DEBUG o.s.s.w.c.HttpSessionSecurityContextRepository - Created HttpSession as SecurityContext is non-default
13:56:44.361 [main] DEBUG o.s.s.w.c.HttpSessionSecurityContextRepository - Stored SecurityContextImpl [Authentication=UsernamePasswordAuthenticationToken [Principal=org.springframework.security.core.userdetails.User [Username=user, Password=[PROTECTED], Enabled=true, AccountNonExpired=true, CredentialsNonExpired=true, AccountNonLocked=true, Granted Authorities=[ROLE_CLIENT]], Credentials=[PROTECTED], Authenticated=true, Details=null, Granted Authorities=[ROLE_CLIENT]]] to HttpSession [org.springframework.mock.web.MockHttpSession@7a7e85bf]
13:56:44.361 [main] DEBUG o.s.security.web.FilterChainProxy - Securing POST /api/client/membership/1/digital-card
13:56:44.361 [main] DEBUG o.s.security.web.csrf.CsrfFilter - Invalid CSRF token found for http://localhost/api/client/membership/1/digital-card
13:56:44.361 [main] DEBUG o.s.s.w.a.AccessDeniedHandlerImpl - Responding with 403 status code
]]></system-out>
  </testcase>
  <testcase name="updatePointsBalance_WithNegativeDelta_ReturnsUpdatedMembership" classname="com.finance.admin.client.controller.ClientMembershipControllerTest" time="0.004">
    <system-out><![CDATA[13:56:44.363 [main] DEBUG o.s.s.w.c.HttpSessionSecurityContextRepository - Created HttpSession as SecurityContext is non-default
13:56:44.363 [main] DEBUG o.s.s.w.c.HttpSessionSecurityContextRepository - Stored SecurityContextImpl [Authentication=UsernamePasswordAuthenticationToken [Principal=org.springframework.security.core.userdetails.User [Username=user, Password=[PROTECTED], Enabled=true, AccountNonExpired=true, CredentialsNonExpired=true, AccountNonLocked=true, Granted Authorities=[ROLE_CLIENT]], Credentials=[PROTECTED], Authenticated=true, Details=null, Granted Authorities=[ROLE_CLIENT]]] to HttpSession [org.springframework.mock.web.MockHttpSession@6f304869]
13:56:44.363 [main] DEBUG o.s.security.web.FilterChainProxy - Securing PUT /api/client/membership/1/points
13:56:44.363 [main] DEBUG o.s.s.w.c.HttpSessionSecurityContextRepository - Retrieved SecurityContextImpl [Authentication=UsernamePasswordAuthenticationToken [Principal=org.springframework.security.core.userdetails.User [Username=user, Password=[PROTECTED], Enabled=true, AccountNonExpired=true, CredentialsNonExpired=true, AccountNonLocked=true, Granted Authorities=[ROLE_CLIENT]], Credentials=[PROTECTED], Authenticated=true, Details=null, Granted Authorities=[ROLE_CLIENT]]]
13:56:44.363 [main] DEBUG o.s.security.web.FilterChainProxy - Secured PUT /api/client/membership/1/points
13:56:44.364 [main] DEBUG o.s.s.a.m.AuthorizationManagerBeforeMethodInterceptor - Authorizing method invocation ReflectiveMethodInvocation: public org.springframework.http.ResponseEntity com.finance.admin.client.controller.ClientMembershipController.updatePointsBalance(java.lang.Long,java.util.Map); target is of class [com.finance.admin.client.controller.ClientMembershipController]
13:56:44.364 [main] DEBUG o.s.s.a.m.AuthorizationManagerBeforeMethodInterceptor - Authorized method invocation ReflectiveMethodInvocation: public org.springframework.http.ResponseEntity com.finance.admin.client.controller.ClientMembershipController.updatePointsBalance(java.lang.Long,java.util.Map); target is of class [com.finance.admin.client.controller.ClientMembershipController]
13:56:44.364 [main] INFO  c.f.a.c.c.ClientMembershipController - Updating points balance for client: 1
]]></system-out>
  </testcase>
  <testcase name="updateMembershipTier_WithNonExistentMembership_ReturnsNotFound" classname="com.finance.admin.client.controller.ClientMembershipControllerTest" time="0.004">
    <system-out><![CDATA[13:56:44.367 [main] DEBUG o.s.s.w.c.HttpSessionSecurityContextRepository - Created HttpSession as SecurityContext is non-default
13:56:44.367 [main] DEBUG o.s.s.w.c.HttpSessionSecurityContextRepository - Stored SecurityContextImpl [Authentication=UsernamePasswordAuthenticationToken [Principal=org.springframework.security.core.userdetails.User [Username=user, Password=[PROTECTED], Enabled=true, AccountNonExpired=true, CredentialsNonExpired=true, AccountNonLocked=true, Granted Authorities=[ROLE_CLIENT]], Credentials=[PROTECTED], Authenticated=true, Details=null, Granted Authorities=[ROLE_CLIENT]]] to HttpSession [org.springframework.mock.web.MockHttpSession@7de62f37]
13:56:44.368 [main] DEBUG o.s.security.web.FilterChainProxy - Securing PUT /api/client/membership/999/tier
13:56:44.368 [main] DEBUG o.s.s.w.c.HttpSessionSecurityContextRepository - Retrieved SecurityContextImpl [Authentication=UsernamePasswordAuthenticationToken [Principal=org.springframework.security.core.userdetails.User [Username=user, Password=[PROTECTED], Enabled=true, AccountNonExpired=true, CredentialsNonExpired=true, AccountNonLocked=true, Granted Authorities=[ROLE_CLIENT]], Credentials=[PROTECTED], Authenticated=true, Details=null, Granted Authorities=[ROLE_CLIENT]]]
13:56:44.368 [main] DEBUG o.s.security.web.FilterChainProxy - Secured PUT /api/client/membership/999/tier
13:56:44.368 [main] DEBUG o.s.s.a.m.AuthorizationManagerBeforeMethodInterceptor - Authorizing method invocation ReflectiveMethodInvocation: public org.springframework.http.ResponseEntity com.finance.admin.client.controller.ClientMembershipController.updateMembershipTier(java.lang.Long,java.util.Map); target is of class [com.finance.admin.client.controller.ClientMembershipController]
13:56:44.368 [main] DEBUG o.s.s.a.m.AuthorizationManagerBeforeMethodInterceptor - Authorized method invocation ReflectiveMethodInvocation: public org.springframework.http.ResponseEntity com.finance.admin.client.controller.ClientMembershipController.updateMembershipTier(java.lang.Long,java.util.Map); target is of class [com.finance.admin.client.controller.ClientMembershipController]
13:56:44.368 [main] INFO  c.f.a.c.c.ClientMembershipController - Updating membership tier for client: 999
13:56:44.369 [main] ERROR c.f.a.c.e.GlobalExceptionHandler - Resource not found: Membership not found for client: 999
]]></system-out>
  </testcase>
  <testcase name="createMembership_WithoutCsrf_ReturnsForbidden" classname="com.finance.admin.client.controller.ClientMembershipControllerTest" time="0.001">
    <system-out><![CDATA[13:56:44.371 [main] DEBUG o.s.s.w.c.HttpSessionSecurityContextRepository - Created HttpSession as SecurityContext is non-default
13:56:44.371 [main] DEBUG o.s.s.w.c.HttpSessionSecurityContextRepository - Stored SecurityContextImpl [Authentication=UsernamePasswordAuthenticationToken [Principal=org.springframework.security.core.userdetails.User [Username=user, Password=[PROTECTED], Enabled=true, AccountNonExpired=true, CredentialsNonExpired=true, AccountNonLocked=true, Granted Authorities=[ROLE_CLIENT]], Credentials=[PROTECTED], Authenticated=true, Details=null, Granted Authorities=[ROLE_CLIENT]]] to HttpSession [org.springframework.mock.web.MockHttpSession@3a53e6df]
13:56:44.371 [main] DEBUG o.s.security.web.FilterChainProxy - Securing POST /api/client/membership/1
13:56:44.371 [main] DEBUG o.s.security.web.csrf.CsrfFilter - Invalid CSRF token found for http://localhost/api/client/membership/1
13:56:44.371 [main] DEBUG o.s.s.w.a.AccessDeniedHandlerImpl - Responding with 403 status code
]]></system-out>
  </testcase>
  <testcase name="updatePointsBalance_WithoutCsrf_ReturnsForbidden" classname="com.finance.admin.client.controller.ClientMembershipControllerTest" time="0.002">
    <system-out><![CDATA[13:56:44.372 [main] DEBUG o.s.s.w.c.HttpSessionSecurityContextRepository - Created HttpSession as SecurityContext is non-default
13:56:44.372 [main] DEBUG o.s.s.w.c.HttpSessionSecurityContextRepository - Stored SecurityContextImpl [Authentication=UsernamePasswordAuthenticationToken [Principal=org.springframework.security.core.userdetails.User [Username=user, Password=[PROTECTED], Enabled=true, AccountNonExpired=true, CredentialsNonExpired=true, AccountNonLocked=true, Granted Authorities=[ROLE_CLIENT]], Credentials=[PROTECTED], Authenticated=true, Details=null, Granted Authorities=[ROLE_CLIENT]]] to HttpSession [org.springframework.mock.web.MockHttpSession@187dc183]
13:56:44.372 [main] DEBUG o.s.security.web.FilterChainProxy - Securing PUT /api/client/membership/1/points
13:56:44.372 [main] DEBUG o.s.security.web.csrf.CsrfFilter - Invalid CSRF token found for http://localhost/api/client/membership/1/points
13:56:44.372 [main] DEBUG o.s.s.w.a.AccessDeniedHandlerImpl - Responding with 403 status code
]]></system-out>
  </testcase>
  <testcase name="updatePointsBalance_WithEmptyRequestBody_ReturnsBadRequest" classname="com.finance.admin.client.controller.ClientMembershipControllerTest" time="0.002">
    <system-out><![CDATA[13:56:44.374 [main] DEBUG o.s.s.w.c.HttpSessionSecurityContextRepository - Created HttpSession as SecurityContext is non-default
13:56:44.374 [main] DEBUG o.s.s.w.c.HttpSessionSecurityContextRepository - Stored SecurityContextImpl [Authentication=UsernamePasswordAuthenticationToken [Principal=org.springframework.security.core.userdetails.User [Username=user, Password=[PROTECTED], Enabled=true, AccountNonExpired=true, CredentialsNonExpired=true, AccountNonLocked=true, Granted Authorities=[ROLE_CLIENT]], Credentials=[PROTECTED], Authenticated=true, Details=null, Granted Authorities=[ROLE_CLIENT]]] to HttpSession [org.springframework.mock.web.MockHttpSession@c252bfd]
13:56:44.374 [main] DEBUG o.s.security.web.FilterChainProxy - Securing PUT /api/client/membership/1/points
13:56:44.374 [main] DEBUG o.s.s.w.c.HttpSessionSecurityContextRepository - Retrieved SecurityContextImpl [Authentication=UsernamePasswordAuthenticationToken [Principal=org.springframework.security.core.userdetails.User [Username=user, Password=[PROTECTED], Enabled=true, AccountNonExpired=true, CredentialsNonExpired=true, AccountNonLocked=true, Granted Authorities=[ROLE_CLIENT]], Credentials=[PROTECTED], Authenticated=true, Details=null, Granted Authorities=[ROLE_CLIENT]]]
13:56:44.374 [main] DEBUG o.s.security.web.FilterChainProxy - Secured PUT /api/client/membership/1/points
13:56:44.375 [main] DEBUG o.s.s.a.m.AuthorizationManagerBeforeMethodInterceptor - Authorizing method invocation ReflectiveMethodInvocation: public org.springframework.http.ResponseEntity com.finance.admin.client.controller.ClientMembershipController.updatePointsBalance(java.lang.Long,java.util.Map); target is of class [com.finance.admin.client.controller.ClientMembershipController]
13:56:44.375 [main] DEBUG o.s.s.a.m.AuthorizationManagerBeforeMethodInterceptor - Authorized method invocation ReflectiveMethodInvocation: public org.springframework.http.ResponseEntity com.finance.admin.client.controller.ClientMembershipController.updatePointsBalance(java.lang.Long,java.util.Map); target is of class [com.finance.admin.client.controller.ClientMembershipController]
13:56:44.375 [main] INFO  c.f.a.c.c.ClientMembershipController - Updating points balance for client: 1
]]></system-out>
  </testcase>
  <testcase name="updateMembershipTier_WithMissingTierField_ReturnsBadRequest" classname="com.finance.admin.client.controller.ClientMembershipControllerTest" time="0.001">
    <system-out><![CDATA[13:56:44.376 [main] DEBUG o.s.s.w.c.HttpSessionSecurityContextRepository - Created HttpSession as SecurityContext is non-default
13:56:44.376 [main] DEBUG o.s.s.w.c.HttpSessionSecurityContextRepository - Stored SecurityContextImpl [Authentication=UsernamePasswordAuthenticationToken [Principal=org.springframework.security.core.userdetails.User [Username=user, Password=[PROTECTED], Enabled=true, AccountNonExpired=true, CredentialsNonExpired=true, AccountNonLocked=true, Granted Authorities=[ROLE_CLIENT]], Credentials=[PROTECTED], Authenticated=true, Details=null, Granted Authorities=[ROLE_CLIENT]]] to HttpSession [org.springframework.mock.web.MockHttpSession@37e1984d]
13:56:44.376 [main] DEBUG o.s.security.web.FilterChainProxy - Securing PUT /api/client/membership/1/tier
13:56:44.376 [main] DEBUG o.s.s.w.c.HttpSessionSecurityContextRepository - Retrieved SecurityContextImpl [Authentication=UsernamePasswordAuthenticationToken [Principal=org.springframework.security.core.userdetails.User [Username=user, Password=[PROTECTED], Enabled=true, AccountNonExpired=true, CredentialsNonExpired=true, AccountNonLocked=true, Granted Authorities=[ROLE_CLIENT]], Credentials=[PROTECTED], Authenticated=true, Details=null, Granted Authorities=[ROLE_CLIENT]]]
13:56:44.376 [main] DEBUG o.s.security.web.FilterChainProxy - Secured PUT /api/client/membership/1/tier
13:56:44.377 [main] DEBUG o.s.s.a.m.AuthorizationManagerBeforeMethodInterceptor - Authorizing method invocation ReflectiveMethodInvocation: public org.springframework.http.ResponseEntity com.finance.admin.client.controller.ClientMembershipController.updateMembershipTier(java.lang.Long,java.util.Map); target is of class [com.finance.admin.client.controller.ClientMembershipController]
13:56:44.377 [main] DEBUG o.s.s.a.m.AuthorizationManagerBeforeMethodInterceptor - Authorized method invocation ReflectiveMethodInvocation: public org.springframework.http.ResponseEntity com.finance.admin.client.controller.ClientMembershipController.updateMembershipTier(java.lang.Long,java.util.Map); target is of class [com.finance.admin.client.controller.ClientMembershipController]
13:56:44.377 [main] INFO  c.f.a.c.c.ClientMembershipController - Updating membership tier for client: 1
]]></system-out>
  </testcase>
  <testcase name="updatePointsBalance_WithMissingPointsDeltaField_ReturnsBadRequest" classname="com.finance.admin.client.controller.ClientMembershipControllerTest" time="0.002">
    <system-out><![CDATA[13:56:44.378 [main] DEBUG o.s.s.w.c.HttpSessionSecurityContextRepository - Created HttpSession as SecurityContext is non-default
13:56:44.378 [main] DEBUG o.s.s.w.c.HttpSessionSecurityContextRepository - Stored SecurityContextImpl [Authentication=UsernamePasswordAuthenticationToken [Principal=org.springframework.security.core.userdetails.User [Username=user, Password=[PROTECTED], Enabled=true, AccountNonExpired=true, CredentialsNonExpired=true, AccountNonLocked=true, Granted Authorities=[ROLE_CLIENT]], Credentials=[PROTECTED], Authenticated=true, Details=null, Granted Authorities=[ROLE_CLIENT]]] to HttpSession [org.springframework.mock.web.MockHttpSession@17778826]
13:56:44.378 [main] DEBUG o.s.security.web.FilterChainProxy - Securing PUT /api/client/membership/1/points
13:56:44.378 [main] DEBUG o.s.s.w.c.HttpSessionSecurityContextRepository - Retrieved SecurityContextImpl [Authentication=UsernamePasswordAuthenticationToken [Principal=org.springframework.security.core.userdetails.User [Username=user, Password=[PROTECTED], Enabled=true, AccountNonExpired=true, CredentialsNonExpired=true, AccountNonLocked=true, Granted Authorities=[ROLE_CLIENT]], Credentials=[PROTECTED], Authenticated=true, Details=null, Granted Authorities=[ROLE_CLIENT]]]
13:56:44.378 [main] DEBUG o.s.security.web.FilterChainProxy - Secured PUT /api/client/membership/1/points
13:56:44.379 [main] DEBUG o.s.s.a.m.AuthorizationManagerBeforeMethodInterceptor - Authorizing method invocation ReflectiveMethodInvocation: public org.springframework.http.ResponseEntity com.finance.admin.client.controller.ClientMembershipController.updatePointsBalance(java.lang.Long,java.util.Map); target is of class [com.finance.admin.client.controller.ClientMembershipController]
13:56:44.379 [main] DEBUG o.s.s.a.m.AuthorizationManagerBeforeMethodInterceptor - Authorized method invocation ReflectiveMethodInvocation: public org.springframework.http.ResponseEntity com.finance.admin.client.controller.ClientMembershipController.updatePointsBalance(java.lang.Long,java.util.Map); target is of class [com.finance.admin.client.controller.ClientMembershipController]
13:56:44.379 [main] INFO  c.f.a.c.c.ClientMembershipController - Updating points balance for client: 1
]]></system-out>
  </testcase>
  <testcase name="updateMembershipTier_WithValidTier_ReturnsUpdatedMembership" classname="com.finance.admin.client.controller.ClientMembershipControllerTest" time="0.002">
    <system-out><![CDATA[13:56:44.380 [main] DEBUG o.s.s.w.c.HttpSessionSecurityContextRepository - Created HttpSession as SecurityContext is non-default
13:56:44.380 [main] DEBUG o.s.s.w.c.HttpSessionSecurityContextRepository - Stored SecurityContextImpl [Authentication=UsernamePasswordAuthenticationToken [Principal=org.springframework.security.core.userdetails.User [Username=user, Password=[PROTECTED], Enabled=true, AccountNonExpired=true, CredentialsNonExpired=true, AccountNonLocked=true, Granted Authorities=[ROLE_CLIENT]], Credentials=[PROTECTED], Authenticated=true, Details=null, Granted Authorities=[ROLE_CLIENT]]] to HttpSession [org.springframework.mock.web.MockHttpSession@36c0507a]
13:56:44.380 [main] DEBUG o.s.security.web.FilterChainProxy - Securing PUT /api/client/membership/1/tier
13:56:44.380 [main] DEBUG o.s.s.w.c.HttpSessionSecurityContextRepository - Retrieved SecurityContextImpl [Authentication=UsernamePasswordAuthenticationToken [Principal=org.springframework.security.core.userdetails.User [Username=user, Password=[PROTECTED], Enabled=true, AccountNonExpired=true, CredentialsNonExpired=true, AccountNonLocked=true, Granted Authorities=[ROLE_CLIENT]], Credentials=[PROTECTED], Authenticated=true, Details=null, Granted Authorities=[ROLE_CLIENT]]]
13:56:44.380 [main] DEBUG o.s.security.web.FilterChainProxy - Secured PUT /api/client/membership/1/tier
13:56:44.380 [main] DEBUG o.s.s.a.m.AuthorizationManagerBeforeMethodInterceptor - Authorizing method invocation ReflectiveMethodInvocation: public org.springframework.http.ResponseEntity com.finance.admin.client.controller.ClientMembershipController.updateMembershipTier(java.lang.Long,java.util.Map); target is of class [com.finance.admin.client.controller.ClientMembershipController]
13:56:44.380 [main] DEBUG o.s.s.a.m.AuthorizationManagerBeforeMethodInterceptor - Authorized method invocation ReflectiveMethodInvocation: public org.springframework.http.ResponseEntity com.finance.admin.client.controller.ClientMembershipController.updateMembershipTier(java.lang.Long,java.util.Map); target is of class [com.finance.admin.client.controller.ClientMembershipController]
13:56:44.380 [main] INFO  c.f.a.c.c.ClientMembershipController - Updating membership tier for client: 1
]]></system-out>
  </testcase>
  <testcase name="getMembership_WithValidClientId_ReturnsMembershipDetails" classname="com.finance.admin.client.controller.ClientMembershipControllerTest" time="0.002">
    <system-out><![CDATA[13:56:44.382 [main] DEBUG o.s.s.w.c.HttpSessionSecurityContextRepository - Created HttpSession as SecurityContext is non-default
13:56:44.382 [main] DEBUG o.s.s.w.c.HttpSessionSecurityContextRepository - Stored SecurityContextImpl [Authentication=UsernamePasswordAuthenticationToken [Principal=org.springframework.security.core.userdetails.User [Username=user, Password=[PROTECTED], Enabled=true, AccountNonExpired=true, CredentialsNonExpired=true, AccountNonLocked=true, Granted Authorities=[ROLE_CLIENT]], Credentials=[PROTECTED], Authenticated=true, Details=null, Granted Authorities=[ROLE_CLIENT]]] to HttpSession [org.springframework.mock.web.MockHttpSession@3cc03bef]
13:56:44.382 [main] DEBUG o.s.security.web.FilterChainProxy - Securing GET /api/client/membership/1
13:56:44.382 [main] DEBUG o.s.s.w.c.HttpSessionSecurityContextRepository - Retrieved SecurityContextImpl [Authentication=UsernamePasswordAuthenticationToken [Principal=org.springframework.security.core.userdetails.User [Username=user, Password=[PROTECTED], Enabled=true, AccountNonExpired=true, CredentialsNonExpired=true, AccountNonLocked=true, Granted Authorities=[ROLE_CLIENT]], Credentials=[PROTECTED], Authenticated=true, Details=null, Granted Authorities=[ROLE_CLIENT]]]
13:56:44.382 [main] DEBUG o.s.security.web.FilterChainProxy - Secured GET /api/client/membership/1
13:56:44.382 [main] DEBUG o.s.s.a.m.AuthorizationManagerBeforeMethodInterceptor - Authorizing method invocation ReflectiveMethodInvocation: public org.springframework.http.ResponseEntity com.finance.admin.client.controller.ClientMembershipController.getMembership(java.lang.Long); target is of class [com.finance.admin.client.controller.ClientMembershipController]
13:56:44.382 [main] DEBUG o.s.s.a.m.AuthorizationManagerBeforeMethodInterceptor - Authorized method invocation ReflectiveMethodInvocation: public org.springframework.http.ResponseEntity com.finance.admin.client.controller.ClientMembershipController.getMembership(java.lang.Long); target is of class [com.finance.admin.client.controller.ClientMembershipController]
13:56:44.382 [main] INFO  c.f.a.c.c.ClientMembershipController - Getting membership details for client: 1
]]></system-out>
  </testcase>
  <testcase name="updatePointsBalance_WithPositiveDelta_ReturnsUpdatedMembership" classname="com.finance.admin.client.controller.ClientMembershipControllerTest" time="0.004">
    <system-out><![CDATA[13:56:44.385 [main] DEBUG o.s.s.w.c.HttpSessionSecurityContextRepository - Created HttpSession as SecurityContext is non-default
13:56:44.385 [main] DEBUG o.s.s.w.c.HttpSessionSecurityContextRepository - Stored SecurityContextImpl [Authentication=UsernamePasswordAuthenticationToken [Principal=org.springframework.security.core.userdetails.User [Username=user, Password=[PROTECTED], Enabled=true, AccountNonExpired=true, CredentialsNonExpired=true, AccountNonLocked=true, Granted Authorities=[ROLE_CLIENT]], Credentials=[PROTECTED], Authenticated=true, Details=null, Granted Authorities=[ROLE_CLIENT]]] to HttpSession [org.springframework.mock.web.MockHttpSession@2f085dfc]
13:56:44.385 [main] DEBUG o.s.security.web.FilterChainProxy - Securing PUT /api/client/membership/1/points
13:56:44.385 [main] DEBUG o.s.s.w.c.HttpSessionSecurityContextRepository - Retrieved SecurityContextImpl [Authentication=UsernamePasswordAuthenticationToken [Principal=org.springframework.security.core.userdetails.User [Username=user, Password=[PROTECTED], Enabled=true, AccountNonExpired=true, CredentialsNonExpired=true, AccountNonLocked=true, Granted Authorities=[ROLE_CLIENT]], Credentials=[PROTECTED], Authenticated=true, Details=null, Granted Authorities=[ROLE_CLIENT]]]
13:56:44.385 [main] DEBUG o.s.security.web.FilterChainProxy - Secured PUT /api/client/membership/1/points
13:56:44.385 [main] DEBUG o.s.s.a.m.AuthorizationManagerBeforeMethodInterceptor - Authorizing method invocation ReflectiveMethodInvocation: public org.springframework.http.ResponseEntity com.finance.admin.client.controller.ClientMembershipController.updatePointsBalance(java.lang.Long,java.util.Map); target is of class [com.finance.admin.client.controller.ClientMembershipController]
13:56:44.385 [main] DEBUG o.s.s.a.m.AuthorizationManagerBeforeMethodInterceptor - Authorized method invocation ReflectiveMethodInvocation: public org.springframework.http.ResponseEntity com.finance.admin.client.controller.ClientMembershipController.updatePointsBalance(java.lang.Long,java.util.Map); target is of class [com.finance.admin.client.controller.ClientMembershipController]
13:56:44.385 [main] INFO  c.f.a.c.c.ClientMembershipController - Updating points balance for client: 1
]]></system-out>
  </testcase>
  <testcase name="generateDigitalCard_WithValidClientId_ReturnsUpdatedMembership" classname="com.finance.admin.client.controller.ClientMembershipControllerTest" time="0.003">
    <system-out><![CDATA[13:56:44.388 [main] DEBUG o.s.s.w.c.HttpSessionSecurityContextRepository - Created HttpSession as SecurityContext is non-default
13:56:44.388 [main] DEBUG o.s.s.w.c.HttpSessionSecurityContextRepository - Stored SecurityContextImpl [Authentication=UsernamePasswordAuthenticationToken [Principal=org.springframework.security.core.userdetails.User [Username=user, Password=[PROTECTED], Enabled=true, AccountNonExpired=true, CredentialsNonExpired=true, AccountNonLocked=true, Granted Authorities=[ROLE_CLIENT]], Credentials=[PROTECTED], Authenticated=true, Details=null, Granted Authorities=[ROLE_CLIENT]]] to HttpSession [org.springframework.mock.web.MockHttpSession@fadd07]
13:56:44.388 [main] DEBUG o.s.security.web.FilterChainProxy - Securing POST /api/client/membership/1/digital-card
13:56:44.388 [main] DEBUG o.s.s.w.c.HttpSessionSecurityContextRepository - Retrieved SecurityContextImpl [Authentication=UsernamePasswordAuthenticationToken [Principal=org.springframework.security.core.userdetails.User [Username=user, Password=[PROTECTED], Enabled=true, AccountNonExpired=true, CredentialsNonExpired=true, AccountNonLocked=true, Granted Authorities=[ROLE_CLIENT]], Credentials=[PROTECTED], Authenticated=true, Details=null, Granted Authorities=[ROLE_CLIENT]]]
13:56:44.388 [main] DEBUG o.s.security.web.FilterChainProxy - Secured POST /api/client/membership/1/digital-card
13:56:44.388 [main] DEBUG o.s.s.a.m.AuthorizationManagerBeforeMethodInterceptor - Authorizing method invocation ReflectiveMethodInvocation: public org.springframework.http.ResponseEntity com.finance.admin.client.controller.ClientMembershipController.generateDigitalCard(java.lang.Long); target is of class [com.finance.admin.client.controller.ClientMembershipController]
13:56:44.389 [main] DEBUG o.s.s.a.m.AuthorizationManagerBeforeMethodInterceptor - Authorized method invocation ReflectiveMethodInvocation: public org.springframework.http.ResponseEntity com.finance.admin.client.controller.ClientMembershipController.generateDigitalCard(java.lang.Long); target is of class [com.finance.admin.client.controller.ClientMembershipController]
13:56:44.389 [main] INFO  c.f.a.c.c.ClientMembershipController - Generating digital card for client: 1
]]></system-out>
  </testcase>
  <testcase name="updatePointsBalance_WithInvalidJson_ReturnsBadRequest" classname="com.finance.admin.client.controller.ClientMembershipControllerTest" time="0.004">
    <system-out><![CDATA[13:56:44.392 [main] DEBUG o.s.s.w.c.HttpSessionSecurityContextRepository - Created HttpSession as SecurityContext is non-default
13:56:44.392 [main] DEBUG o.s.s.w.c.HttpSessionSecurityContextRepository - Stored SecurityContextImpl [Authentication=UsernamePasswordAuthenticationToken [Principal=org.springframework.security.core.userdetails.User [Username=user, Password=[PROTECTED], Enabled=true, AccountNonExpired=true, CredentialsNonExpired=true, AccountNonLocked=true, Granted Authorities=[ROLE_CLIENT]], Credentials=[PROTECTED], Authenticated=true, Details=null, Granted Authorities=[ROLE_CLIENT]]] to HttpSession [org.springframework.mock.web.MockHttpSession@5a9ecfe8]
13:56:44.392 [main] DEBUG o.s.security.web.FilterChainProxy - Securing PUT /api/client/membership/1/points
13:56:44.392 [main] DEBUG o.s.s.w.c.HttpSessionSecurityContextRepository - Retrieved SecurityContextImpl [Authentication=UsernamePasswordAuthenticationToken [Principal=org.springframework.security.core.userdetails.User [Username=user, Password=[PROTECTED], Enabled=true, AccountNonExpired=true, CredentialsNonExpired=true, AccountNonLocked=true, Granted Authorities=[ROLE_CLIENT]], Credentials=[PROTECTED], Authenticated=true, Details=null, Granted Authorities=[ROLE_CLIENT]]]
13:56:44.392 [main] DEBUG o.s.security.web.FilterChainProxy - Secured PUT /api/client/membership/1/points
13:56:44.393 [main] ERROR c.f.a.c.e.GlobalExceptionHandler - Invalid JSON format: JSON parse error: Unrecognized token 'invalid': was expecting (JSON String, Number, Array, Object or token 'null', 'true' or 'false')
]]></system-out>
  </testcase>
  <testcase name="generateDigitalCard_WithNonExistentMembership_ReturnsNotFound" classname="com.finance.admin.client.controller.ClientMembershipControllerTest" time="0.003">
    <system-out><![CDATA[13:56:44.395 [main] DEBUG o.s.s.w.c.HttpSessionSecurityContextRepository - Created HttpSession as SecurityContext is non-default
13:56:44.395 [main] DEBUG o.s.s.w.c.HttpSessionSecurityContextRepository - Stored SecurityContextImpl [Authentication=UsernamePasswordAuthenticationToken [Principal=org.springframework.security.core.userdetails.User [Username=user, Password=[PROTECTED], Enabled=true, AccountNonExpired=true, CredentialsNonExpired=true, AccountNonLocked=true, Granted Authorities=[ROLE_CLIENT]], Credentials=[PROTECTED], Authenticated=true, Details=null, Granted Authorities=[ROLE_CLIENT]]] to HttpSession [org.springframework.mock.web.MockHttpSession@4daeb527]
13:56:44.395 [main] DEBUG o.s.security.web.FilterChainProxy - Securing POST /api/client/membership/999/digital-card
13:56:44.395 [main] DEBUG o.s.s.w.c.HttpSessionSecurityContextRepository - Retrieved SecurityContextImpl [Authentication=UsernamePasswordAuthenticationToken [Principal=org.springframework.security.core.userdetails.User [Username=user, Password=[PROTECTED], Enabled=true, AccountNonExpired=true, CredentialsNonExpired=true, AccountNonLocked=true, Granted Authorities=[ROLE_CLIENT]], Credentials=[PROTECTED], Authenticated=true, Details=null, Granted Authorities=[ROLE_CLIENT]]]
13:56:44.395 [main] DEBUG o.s.security.web.FilterChainProxy - Secured POST /api/client/membership/999/digital-card
13:56:44.396 [main] DEBUG o.s.s.a.m.AuthorizationManagerBeforeMethodInterceptor - Authorizing method invocation ReflectiveMethodInvocation: public org.springframework.http.ResponseEntity com.finance.admin.client.controller.ClientMembershipController.generateDigitalCard(java.lang.Long); target is of class [com.finance.admin.client.controller.ClientMembershipController]
13:56:44.396 [main] DEBUG o.s.s.a.m.AuthorizationManagerBeforeMethodInterceptor - Authorized method invocation ReflectiveMethodInvocation: public org.springframework.http.ResponseEntity com.finance.admin.client.controller.ClientMembershipController.generateDigitalCard(java.lang.Long); target is of class [com.finance.admin.client.controller.ClientMembershipController]
13:56:44.396 [main] INFO  c.f.a.c.c.ClientMembershipController - Generating digital card for client: 999
13:56:44.396 [main] ERROR c.f.a.c.e.GlobalExceptionHandler - Resource not found: Membership not found for client: 999
]]></system-out>
  </testcase>
  <testcase name="createMembership_WithValidClientId_ReturnsCreatedMembership" classname="com.finance.admin.client.controller.ClientMembershipControllerTest" time="0.002">
    <system-out><![CDATA[13:56:44.398 [main] DEBUG o.s.s.w.c.HttpSessionSecurityContextRepository - Created HttpSession as SecurityContext is non-default
13:56:44.398 [main] DEBUG o.s.s.w.c.HttpSessionSecurityContextRepository - Stored SecurityContextImpl [Authentication=UsernamePasswordAuthenticationToken [Principal=org.springframework.security.core.userdetails.User [Username=user, Password=[PROTECTED], Enabled=true, AccountNonExpired=true, CredentialsNonExpired=true, AccountNonLocked=true, Granted Authorities=[ROLE_CLIENT]], Credentials=[PROTECTED], Authenticated=true, Details=null, Granted Authorities=[ROLE_CLIENT]]] to HttpSession [org.springframework.mock.web.MockHttpSession@44a9f625]
13:56:44.398 [main] DEBUG o.s.security.web.FilterChainProxy - Securing POST /api/client/membership/1
13:56:44.398 [main] DEBUG o.s.s.w.c.HttpSessionSecurityContextRepository - Retrieved SecurityContextImpl [Authentication=UsernamePasswordAuthenticationToken [Principal=org.springframework.security.core.userdetails.User [Username=user, Password=[PROTECTED], Enabled=true, AccountNonExpired=true, CredentialsNonExpired=true, AccountNonLocked=true, Granted Authorities=[ROLE_CLIENT]], Credentials=[PROTECTED], Authenticated=true, Details=null, Granted Authorities=[ROLE_CLIENT]]]
13:56:44.398 [main] DEBUG o.s.security.web.FilterChainProxy - Secured POST /api/client/membership/1
13:56:44.398 [main] DEBUG o.s.s.a.m.AuthorizationManagerBeforeMethodInterceptor - Authorizing method invocation ReflectiveMethodInvocation: public org.springframework.http.ResponseEntity com.finance.admin.client.controller.ClientMembershipController.createMembership(java.lang.Long); target is of class [com.finance.admin.client.controller.ClientMembershipController]
13:56:44.398 [main] DEBUG o.s.s.a.m.AuthorizationManagerBeforeMethodInterceptor - Authorized method invocation ReflectiveMethodInvocation: public org.springframework.http.ResponseEntity com.finance.admin.client.controller.ClientMembershipController.createMembership(java.lang.Long); target is of class [com.finance.admin.client.controller.ClientMembershipController]
13:56:44.398 [main] INFO  c.f.a.c.c.ClientMembershipController - Creating membership for client: 1
]]></system-out>
  </testcase>
  <testcase name="updateMembershipTier_WithoutCsrf_ReturnsForbidden" classname="com.finance.admin.client.controller.ClientMembershipControllerTest" time="0.002">
    <system-out><![CDATA[13:56:44.400 [main] DEBUG o.s.s.w.c.HttpSessionSecurityContextRepository - Created HttpSession as SecurityContext is non-default
13:56:44.400 [main] DEBUG o.s.s.w.c.HttpSessionSecurityContextRepository - Stored SecurityContextImpl [Authentication=UsernamePasswordAuthenticationToken [Principal=org.springframework.security.core.userdetails.User [Username=user, Password=[PROTECTED], Enabled=true, AccountNonExpired=true, CredentialsNonExpired=true, AccountNonLocked=true, Granted Authorities=[ROLE_CLIENT]], Credentials=[PROTECTED], Authenticated=true, Details=null, Granted Authorities=[ROLE_CLIENT]]] to HttpSession [org.springframework.mock.web.MockHttpSession@6ede06ff]
13:56:44.400 [main] DEBUG o.s.security.web.FilterChainProxy - Securing PUT /api/client/membership/1/tier
13:56:44.400 [main] DEBUG o.s.security.web.csrf.CsrfFilter - Invalid CSRF token found for http://localhost/api/client/membership/1/tier
13:56:44.400 [main] DEBUG o.s.s.w.a.AccessDeniedHandlerImpl - Responding with 403 status code
]]></system-out>
  </testcase>
  <testcase name="getMembership_WithoutAuthentication_ReturnsUnauthorized" classname="com.finance.admin.client.controller.ClientMembershipControllerTest" time="0.002">
    <system-out><![CDATA[13:56:44.402 [main] DEBUG o.s.security.web.FilterChainProxy - Securing GET /api/client/membership/1
13:56:44.402 [main] DEBUG o.s.s.w.a.AnonymousAuthenticationFilter - Set SecurityContextHolder to anonymous SecurityContext
13:56:44.402 [main] DEBUG o.s.s.w.s.HttpSessionRequestCache - Saved request http://localhost/api/client/membership/1?continue to session
13:56:44.402 [main] DEBUG o.s.s.w.a.DelegatingAuthenticationEntryPoint - Trying to match using And [Not [RequestHeaderRequestMatcher [expectedHeaderName=X-Requested-With, expectedHeaderValue=XMLHttpRequest]], MediaTypeRequestMatcher [contentNegotiationStrategy=org.springframework.web.accept.ContentNegotiationManager@1c9dd25d, matchingMediaTypes=[application/xhtml+xml, image/*, text/html, text/plain], useEquals=false, ignoredMediaTypes=[*/*]]]
13:56:44.402 [main] DEBUG o.s.s.w.a.DelegatingAuthenticationEntryPoint - Trying to match using Or [RequestHeaderRequestMatcher [expectedHeaderName=X-Requested-With, expectedHeaderValue=XMLHttpRequest], And [Not [MediaTypeRequestMatcher [contentNegotiationStrategy=org.springframework.web.accept.ContentNegotiationManager@1c9dd25d, matchingMediaTypes=[text/html], useEquals=false, ignoredMediaTypes=[]]], MediaTypeRequestMatcher [contentNegotiationStrategy=org.springframework.web.accept.ContentNegotiationManager@1c9dd25d, matchingMediaTypes=[application/atom+xml, application/x-www-form-urlencoded, application/json, application/octet-stream, application/xml, multipart/form-data, text/xml], useEquals=false, ignoredMediaTypes=[*/*]]], MediaTypeRequestMatcher [contentNegotiationStrategy=org.springframework.web.accept.ContentNegotiationManager@1c9dd25d, matchingMediaTypes=[*/*], useEquals=true, ignoredMediaTypes=[]]]
13:56:44.402 [main] DEBUG o.s.s.w.a.DelegatingAuthenticationEntryPoint - Match found! Executing org.springframework.security.web.authentication.DelegatingAuthenticationEntryPoint@5a5febe6
13:56:44.402 [main] DEBUG o.s.s.w.a.DelegatingAuthenticationEntryPoint - Trying to match using RequestHeaderRequestMatcher [expectedHeaderName=X-Requested-With, expectedHeaderValue=XMLHttpRequest]
13:56:44.402 [main] DEBUG o.s.s.w.a.DelegatingAuthenticationEntryPoint - No match found. Using default entry point org.springframework.security.web.authentication.www.BasicAuthenticationEntryPoint@1d92c497
]]></system-out>
  </testcase>
  <testcase name="updatePointsBalance_WithNegativeBalanceResult_ReturnsBadRequest" classname="com.finance.admin.client.controller.ClientMembershipControllerTest" time="0.004">
    <system-out><![CDATA[13:56:44.406 [main] DEBUG o.s.s.w.c.HttpSessionSecurityContextRepository - Created HttpSession as SecurityContext is non-default
13:56:44.406 [main] DEBUG o.s.s.w.c.HttpSessionSecurityContextRepository - Stored SecurityContextImpl [Authentication=UsernamePasswordAuthenticationToken [Principal=org.springframework.security.core.userdetails.User [Username=user, Password=[PROTECTED], Enabled=true, AccountNonExpired=true, CredentialsNonExpired=true, AccountNonLocked=true, Granted Authorities=[ROLE_CLIENT]], Credentials=[PROTECTED], Authenticated=true, Details=null, Granted Authorities=[ROLE_CLIENT]]] to HttpSession [org.springframework.mock.web.MockHttpSession@f634c4d]
13:56:44.406 [main] DEBUG o.s.security.web.FilterChainProxy - Securing PUT /api/client/membership/1/points
13:56:44.406 [main] DEBUG o.s.s.w.c.HttpSessionSecurityContextRepository - Retrieved SecurityContextImpl [Authentication=UsernamePasswordAuthenticationToken [Principal=org.springframework.security.core.userdetails.User [Username=user, Password=[PROTECTED], Enabled=true, AccountNonExpired=true, CredentialsNonExpired=true, AccountNonLocked=true, Granted Authorities=[ROLE_CLIENT]], Credentials=[PROTECTED], Authenticated=true, Details=null, Granted Authorities=[ROLE_CLIENT]]]
13:56:44.406 [main] DEBUG o.s.security.web.FilterChainProxy - Secured PUT /api/client/membership/1/points
13:56:44.406 [main] DEBUG o.s.s.a.m.AuthorizationManagerBeforeMethodInterceptor - Authorizing method invocation ReflectiveMethodInvocation: public org.springframework.http.ResponseEntity com.finance.admin.client.controller.ClientMembershipController.updatePointsBalance(java.lang.Long,java.util.Map); target is of class [com.finance.admin.client.controller.ClientMembershipController]
13:56:44.407 [main] DEBUG o.s.s.a.m.AuthorizationManagerBeforeMethodInterceptor - Authorized method invocation ReflectiveMethodInvocation: public org.springframework.http.ResponseEntity com.finance.admin.client.controller.ClientMembershipController.updatePointsBalance(java.lang.Long,java.util.Map); target is of class [com.finance.admin.client.controller.ClientMembershipController]
13:56:44.407 [main] INFO  c.f.a.c.c.ClientMembershipController - Updating points balance for client: 1
13:56:44.407 [main] ERROR c.f.a.c.e.GlobalExceptionHandler - Illegal argument: Points balance cannot be negative
]]></system-out>
  </testcase>
  <testcase name="getMembership_WithWrongRole_ReturnsForbidden" classname="com.finance.admin.client.controller.ClientMembershipControllerTest" time="0.002">
    <system-out><![CDATA[13:56:44.409 [main] DEBUG o.s.s.w.c.HttpSessionSecurityContextRepository - Created HttpSession as SecurityContext is non-default
13:56:44.409 [main] DEBUG o.s.s.w.c.HttpSessionSecurityContextRepository - Stored SecurityContextImpl [Authentication=UsernamePasswordAuthenticationToken [Principal=org.springframework.security.core.userdetails.User [Username=user, Password=[PROTECTED], Enabled=true, AccountNonExpired=true, CredentialsNonExpired=true, AccountNonLocked=true, Granted Authorities=[ROLE_USER]], Credentials=[PROTECTED], Authenticated=true, Details=null, Granted Authorities=[ROLE_USER]]] to HttpSession [org.springframework.mock.web.MockHttpSession@2128f811]
13:56:44.409 [main] DEBUG o.s.security.web.FilterChainProxy - Securing GET /api/client/membership/1
13:56:44.409 [main] DEBUG o.s.s.w.c.HttpSessionSecurityContextRepository - Retrieved SecurityContextImpl [Authentication=UsernamePasswordAuthenticationToken [Principal=org.springframework.security.core.userdetails.User [Username=user, Password=[PROTECTED], Enabled=true, AccountNonExpired=true, CredentialsNonExpired=true, AccountNonLocked=true, Granted Authorities=[ROLE_USER]], Credentials=[PROTECTED], Authenticated=true, Details=null, Granted Authorities=[ROLE_USER]]]
13:56:44.409 [main] DEBUG o.s.security.web.FilterChainProxy - Secured GET /api/client/membership/1
13:56:44.409 [main] DEBUG o.s.s.a.m.AuthorizationManagerBeforeMethodInterceptor - Authorizing method invocation ReflectiveMethodInvocation: public org.springframework.http.ResponseEntity com.finance.admin.client.controller.ClientMembershipController.getMembership(java.lang.Long); target is of class [com.finance.admin.client.controller.ClientMembershipController]
13:56:44.409 [main] DEBUG o.s.s.a.m.AuthorizationManagerBeforeMethodInterceptor - Failed to authorize ReflectiveMethodInvocation: public org.springframework.http.ResponseEntity com.finance.admin.client.controller.ClientMembershipController.getMembership(java.lang.Long); target is of class [com.finance.admin.client.controller.ClientMembershipController] with authorization manager org.springframework.security.config.annotation.method.configuration.DeferringObservationAuthorizationManager@64a1ea9c and decision ExpressionAuthorizationDecision [granted=false, expressionAttribute=hasRole('CLIENT') or hasRole('ADMIN')]
13:56:44.409 [main] ERROR c.f.a.c.e.GlobalExceptionHandler - Access denied: Access Denied
]]></system-out>
  </testcase>
  <testcase name="createMembership_WithNonExistentClient_ReturnsNotFound" classname="com.finance.admin.client.controller.ClientMembershipControllerTest" time="0.003">
    <system-out><![CDATA[13:56:44.411 [main] DEBUG o.s.s.w.c.HttpSessionSecurityContextRepository - Created HttpSession as SecurityContext is non-default
13:56:44.411 [main] DEBUG o.s.s.w.c.HttpSessionSecurityContextRepository - Stored SecurityContextImpl [Authentication=UsernamePasswordAuthenticationToken [Principal=org.springframework.security.core.userdetails.User [Username=user, Password=[PROTECTED], Enabled=true, AccountNonExpired=true, CredentialsNonExpired=true, AccountNonLocked=true, Granted Authorities=[ROLE_CLIENT]], Credentials=[PROTECTED], Authenticated=true, Details=null, Granted Authorities=[ROLE_CLIENT]]] to HttpSession [org.springframework.mock.web.MockHttpSession@1a2cfa87]
13:56:44.411 [main] DEBUG o.s.security.web.FilterChainProxy - Securing POST /api/client/membership/999
13:56:44.411 [main] DEBUG o.s.s.w.c.HttpSessionSecurityContextRepository - Retrieved SecurityContextImpl [Authentication=UsernamePasswordAuthenticationToken [Principal=org.springframework.security.core.userdetails.User [Username=user, Password=[PROTECTED], Enabled=true, AccountNonExpired=true, CredentialsNonExpired=true, AccountNonLocked=true, Granted Authorities=[ROLE_CLIENT]], Credentials=[PROTECTED], Authenticated=true, Details=null, Granted Authorities=[ROLE_CLIENT]]]
13:56:44.411 [main] DEBUG o.s.security.web.FilterChainProxy - Secured POST /api/client/membership/999
13:56:44.412 [main] DEBUG o.s.s.a.m.AuthorizationManagerBeforeMethodInterceptor - Authorizing method invocation ReflectiveMethodInvocation: public org.springframework.http.ResponseEntity com.finance.admin.client.controller.ClientMembershipController.createMembership(java.lang.Long); target is of class [com.finance.admin.client.controller.ClientMembershipController]
13:56:44.412 [main] DEBUG o.s.s.a.m.AuthorizationManagerBeforeMethodInterceptor - Authorized method invocation ReflectiveMethodInvocation: public org.springframework.http.ResponseEntity com.finance.admin.client.controller.ClientMembershipController.createMembership(java.lang.Long); target is of class [com.finance.admin.client.controller.ClientMembershipController]
13:56:44.412 [main] INFO  c.f.a.c.c.ClientMembershipController - Creating membership for client: 999
13:56:44.412 [main] ERROR c.f.a.c.e.GlobalExceptionHandler - Resource not found: Client not found with ID: 999
]]></system-out>
  </testcase>
  <testcase name="getMembership_WithNonExistentClientId_ReturnsNotFound" classname="com.finance.admin.client.controller.ClientMembershipControllerTest" time="0.002">
    <system-out><![CDATA[13:56:44.413 [main] DEBUG o.s.s.w.c.HttpSessionSecurityContextRepository - Created HttpSession as SecurityContext is non-default
13:56:44.413 [main] DEBUG o.s.s.w.c.HttpSessionSecurityContextRepository - Stored SecurityContextImpl [Authentication=UsernamePasswordAuthenticationToken [Principal=org.springframework.security.core.userdetails.User [Username=user, Password=[PROTECTED], Enabled=true, AccountNonExpired=true, CredentialsNonExpired=true, AccountNonLocked=true, Granted Authorities=[ROLE_CLIENT]], Credentials=[PROTECTED], Authenticated=true, Details=null, Granted Authorities=[ROLE_CLIENT]]] to HttpSession [org.springframework.mock.web.MockHttpSession@7c4b4bf0]
13:56:44.414 [main] DEBUG o.s.security.web.FilterChainProxy - Securing GET /api/client/membership/999
13:56:44.414 [main] DEBUG o.s.s.w.c.HttpSessionSecurityContextRepository - Retrieved SecurityContextImpl [Authentication=UsernamePasswordAuthenticationToken [Principal=org.springframework.security.core.userdetails.User [Username=user, Password=[PROTECTED], Enabled=true, AccountNonExpired=true, CredentialsNonExpired=true, AccountNonLocked=true, Granted Authorities=[ROLE_CLIENT]], Credentials=[PROTECTED], Authenticated=true, Details=null, Granted Authorities=[ROLE_CLIENT]]]
13:56:44.414 [main] DEBUG o.s.security.web.FilterChainProxy - Secured GET /api/client/membership/999
13:56:44.414 [main] DEBUG o.s.s.a.m.AuthorizationManagerBeforeMethodInterceptor - Authorizing method invocation ReflectiveMethodInvocation: public org.springframework.http.ResponseEntity com.finance.admin.client.controller.ClientMembershipController.getMembership(java.lang.Long); target is of class [com.finance.admin.client.controller.ClientMembershipController]
13:56:44.414 [main] DEBUG o.s.s.a.m.AuthorizationManagerBeforeMethodInterceptor - Authorized method invocation ReflectiveMethodInvocation: public org.springframework.http.ResponseEntity com.finance.admin.client.controller.ClientMembershipController.getMembership(java.lang.Long); target is of class [com.finance.admin.client.controller.ClientMembershipController]
13:56:44.414 [main] INFO  c.f.a.c.c.ClientMembershipController - Getting membership details for client: 999
13:56:44.414 [main] ERROR c.f.a.c.e.GlobalExceptionHandler - Resource not found: Membership not found for client: 999
]]></system-out>
  </testcase>
  <testcase name="createMembership_WithExistingMembership_ReturnsBadRequest" classname="com.finance.admin.client.controller.ClientMembershipControllerTest" time="0.002">
    <system-out><![CDATA[13:56:44.416 [main] DEBUG o.s.s.w.c.HttpSessionSecurityContextRepository - Created HttpSession as SecurityContext is non-default
13:56:44.416 [main] DEBUG o.s.s.w.c.HttpSessionSecurityContextRepository - Stored SecurityContextImpl [Authentication=UsernamePasswordAuthenticationToken [Principal=org.springframework.security.core.userdetails.User [Username=user, Password=[PROTECTED], Enabled=true, AccountNonExpired=true, CredentialsNonExpired=true, AccountNonLocked=true, Granted Authorities=[ROLE_CLIENT]], Credentials=[PROTECTED], Authenticated=true, Details=null, Granted Authorities=[ROLE_CLIENT]]] to HttpSession [org.springframework.mock.web.MockHttpSession@183be98e]
13:56:44.416 [main] DEBUG o.s.security.web.FilterChainProxy - Securing POST /api/client/membership/1
13:56:44.416 [main] DEBUG o.s.s.w.c.HttpSessionSecurityContextRepository - Retrieved SecurityContextImpl [Authentication=UsernamePasswordAuthenticationToken [Principal=org.springframework.security.core.userdetails.User [Username=user, Password=[PROTECTED], Enabled=true, AccountNonExpired=true, CredentialsNonExpired=true, AccountNonLocked=true, Granted Authorities=[ROLE_CLIENT]], Credentials=[PROTECTED], Authenticated=true, Details=null, Granted Authorities=[ROLE_CLIENT]]]
13:56:44.416 [main] DEBUG o.s.security.web.FilterChainProxy - Secured POST /api/client/membership/1
13:56:44.416 [main] DEBUG o.s.s.a.m.AuthorizationManagerBeforeMethodInterceptor - Authorizing method invocation ReflectiveMethodInvocation: public org.springframework.http.ResponseEntity com.finance.admin.client.controller.ClientMembershipController.createMembership(java.lang.Long); target is of class [com.finance.admin.client.controller.ClientMembershipController]
13:56:44.416 [main] DEBUG o.s.s.a.m.AuthorizationManagerBeforeMethodInterceptor - Authorized method invocation ReflectiveMethodInvocation: public org.springframework.http.ResponseEntity com.finance.admin.client.controller.ClientMembershipController.createMembership(java.lang.Long); target is of class [com.finance.admin.client.controller.ClientMembershipController]
13:56:44.416 [main] INFO  c.f.a.c.c.ClientMembershipController - Creating membership for client: 1
13:56:44.416 [main] ERROR c.f.a.c.e.GlobalExceptionHandler - Illegal state: Membership already exists for client: 1
]]></system-out>
  </testcase>
  <testcase name="getMembership_WithInvalidClientId_ReturnsBadRequest" classname="com.finance.admin.client.controller.ClientMembershipControllerTest" time="0.002">
    <system-out><![CDATA[13:56:44.418 [main] DEBUG o.s.s.w.c.HttpSessionSecurityContextRepository - Created HttpSession as SecurityContext is non-default
13:56:44.418 [main] DEBUG o.s.s.w.c.HttpSessionSecurityContextRepository - Stored SecurityContextImpl [Authentication=UsernamePasswordAuthenticationToken [Principal=org.springframework.security.core.userdetails.User [Username=user, Password=[PROTECTED], Enabled=true, AccountNonExpired=true, CredentialsNonExpired=true, AccountNonLocked=true, Granted Authorities=[ROLE_CLIENT]], Credentials=[PROTECTED], Authenticated=true, Details=null, Granted Authorities=[ROLE_CLIENT]]] to HttpSession [org.springframework.mock.web.MockHttpSession@54856bcf]
13:56:44.418 [main] DEBUG o.s.security.web.FilterChainProxy - Securing GET /api/client/membership/invalid
13:56:44.418 [main] DEBUG o.s.s.w.c.HttpSessionSecurityContextRepository - Retrieved SecurityContextImpl [Authentication=UsernamePasswordAuthenticationToken [Principal=org.springframework.security.core.userdetails.User [Username=user, Password=[PROTECTED], Enabled=true, AccountNonExpired=true, CredentialsNonExpired=true, AccountNonLocked=true, Granted Authorities=[ROLE_CLIENT]], Credentials=[PROTECTED], Authenticated=true, Details=null, Granted Authorities=[ROLE_CLIENT]]]
13:56:44.418 [main] DEBUG o.s.security.web.FilterChainProxy - Secured GET /api/client/membership/invalid
13:56:44.418 [main] ERROR c.f.a.c.e.GlobalExceptionHandler - Method argument type mismatch: Failed to convert value of type 'java.lang.String' to required type 'java.lang.Long'; For input string: "invalid"
]]></system-out>
  </testcase>
</testsuite>